#
# There is insufficient memory for the Java Runtime Environment to continue.
# Native memory allocation (mmap) failed to map 134217728 bytes for Failed to commit area from 0x0000000080000000 to 0x0000000088000000 of length 134217728.
# Possible reasons:
#   The system is out of physical RAM or swap space
#   The process is running with CompressedOops enabled, and the Java Heap may be blocking the growth of the native heap
# Possible solutions:
#   Reduce memory load on the system
#   Increase physical memory or swap space
#   Check if swap backing store is full
#   Decrease Java heap size (-Xmx/-Xms)
#   Decrease number of Java threads
#   Decrease Java thread stack sizes (-Xss)
#   Set larger code cache with -XX:ReservedCodeCacheSize=
#   JVM is running with Unscaled Compressed Oops mode in which the Java heap is
#     placed in the first 4GB address space. The Java Heap base address is the
#     maximum limit for the native heap growth. Please use -XX:HeapBaseMinAddress
#     to set the Java Heap base and to place the Java Heap above 4GB virtual address.
# This output file may be truncated or incomplete.
#
#  Out of Memory Error (./open/src/hotspot/os/windows/os_windows.cpp:3315), pid=16736, tid=7428
#
# JRE version:  (14.0.2+12) (build )
# Java VM: OpenJDK 64-Bit Server VM (14.0.2+12-46, mixed mode, sharing, tiered, compressed oops, g1 gc, windows-amd64)
# No core dump will be written. Minidumps are not enabled by default on client versions of Windows
#

---------------  S U M M A R Y ------------

Command Line: -Dcom.sun.management.jmxremote -Dcom.sun.management.jmxremote.port=50238 -Dcom.sun.management.jmxremote.authenticate=false -Dcom.sun.management.jmxremote.ssl=false -Djava.rmi.server.hostname=localhost -Dspring.jmx.enabled=true -Dspring.application.admin.enabled=true -Xverify:none -XX:TieredStopAtLevel=1 -Dspring.boot.project.name=ApiManagement13 -Dfile.encoding=UTF-8 -XX:+ShowCodeDetailsInExceptionMessages com.sumit.feign.ApiManagement1Application --spring.output.ansi.enabled=always

Host: Intel(R) Xeon(R) CPU           E5645  @ 2.40GHz, 4 cores, 7G,  Windows 10 , 64 bit Build 17134 (10.0.17134.1)
Time: Thu Nov 25 13:55:30 2021 India Standard Time elapsed time: 0 seconds (0d 0h 0m 0s)

---------------  T H R E A D  ---------------

Current thread (0x000001dc5c9bc800):  JavaThread "Unknown thread" [_thread_in_vm, id=7428, stack(0x000000452f300000,0x000000452f400000)]

Stack: [0x000000452f300000,0x000000452f400000]
Native frames: (J=compiled Java code, j=interpreted, Vv=VM code, C=native code)
V  [jvm.dll+0x5f8a9a]
V  [jvm.dll+0x74247a]
V  [jvm.dll+0x743c2f]
V  [jvm.dll+0x744273]
V  [jvm.dll+0x20d288]
V  [jvm.dll+0x5f5dea]
V  [jvm.dll+0x5eac45]
V  [jvm.dll+0x2c7e9c]
V  [jvm.dll+0x2c7cd2]
V  [jvm.dll+0x2cdbbc]
V  [jvm.dll+0x313fe8]
V  [jvm.dll+0x313710]
V  [jvm.dll+0x2a092a]
V  [jvm.dll+0x2a1a79]
V  [jvm.dll+0x71fd48]
V  [jvm.dll+0x321c14]
V  [jvm.dll+0x70112c]
V  [jvm.dll+0x392def]
V  [jvm.dll+0x394e61]
C  [jli.dll+0x524b]
C  [ucrtbase.dll+0x1c1ae]
C  [KERNEL32.DLL+0x13034]
C  [ntdll.dll+0x71431]


---------------  P R O C E S S  ---------------

Threads class SMR info:
_java_thread_list=0x00007ffc325e3038, length=0, elements={
}

Java Threads: ( => current thread )

Other Threads:
  0x000001dc5c9ff800 GCTaskThread "GC Thread#0" [stack: 0x000000452f400000,0x000000452f500000] [id=9492]
  0x000001dc5ca12000 ConcurrentGCThread "G1 Main Marker" [stack: 0x000000452f500000,0x000000452f600000] [id=14808]
  0x000001dc5ca13000 ConcurrentGCThread "G1 Conc#0" [stack: 0x000000452f600000,0x000000452f700000] [id=15308]

[error occurred during error reporting (printing all threads), id 0xc0000005, EXCEPTION_ACCESS_VIOLATION (0xc0000005) at pc=0x00007ffc31e11257]

VM state:not at safepoint (not fully initialized)

VM Mutex/Monitor currently owned by a thread:  ([mutex/lock_event])
[0x000001dc5c9b8df0] Heap_lock - owner thread: 0x000001dc5c9bc800

Heap address: 0x0000000080000000, size: 2048 MB, Compressed Oops mode: 32-bit
Narrow klass base: 0x0000000000000000, Narrow klass shift: 0

GC Heap History (0 events):
No events

Deoptimization events (0 events):
No events

Classes unloaded (0 events):
No events

Classes redefined (0 events):
No events

Internal exceptions (0 events):
No events

Events (2 events):
Event: 0.026 Loaded shared library C:\Users\natraj\Documents\sts2\Sts-lastProject\sts-4.8.0.RELEASE\plugins\org.eclipse.justj.openjdk.hotspot.jre.full.win32.x86_64_14.0.2.v20200815-0932\jre\bin\java.dll
Event: 0.028 Loaded shared library C:\Users\natraj\Documents\sts2\Sts-lastProject\sts-4.8.0.RELEASE\plugins\org.eclipse.justj.openjdk.hotspot.jre.full.win32.x86_64_14.0.2.v20200815-0932\jre\bin\zip.dll


Dynamic libraries:
0x00007ff743900000 - 0x00007ff74390d000 	C:\Users\natraj\Documents\sts2\Sts-lastProject\sts-4.8.0.RELEASE\plugins\org.eclipse.justj.openjdk.hotspot.jre.full.win32.x86_64_14.0.2.v20200815-0932\jre\bin\javaw.exe
0x00007ffc6afd0000 - 0x00007ffc6b1b1000 	C:\WINDOWS\SYSTEM32\ntdll.dll
0x00007ffc67cd0000 - 0x00007ffc67d82000 	C:\WINDOWS\System32\KERNEL32.DLL
0x00007ffc67430000 - 0x00007ffc676a3000 	C:\WINDOWS\System32\KERNELBASE.dll
0x00007ffc678a0000 - 0x00007ffc6799a000 	C:\WINDOWS\System32\ucrtbase.dll
0x00007ffc400d0000 - 0x00007ffc400e5000 	C:\Users\natraj\Documents\sts2\Sts-lastProject\sts-4.8.0.RELEASE\plugins\org.eclipse.justj.openjdk.hotspot.jre.full.win32.x86_64_14.0.2.v20200815-0932\jre\bin\VCRUNTIME140.dll
0x00007ffc40060000 - 0x00007ffc40078000 	C:\Users\natraj\Documents\sts2\Sts-lastProject\sts-4.8.0.RELEASE\plugins\org.eclipse.justj.openjdk.hotspot.jre.full.win32.x86_64_14.0.2.v20200815-0932\jre\bin\jli.dll
0x00007ffc6ad40000 - 0x00007ffc6aed0000 	C:\WINDOWS\System32\USER32.dll
0x00007ffc66bb0000 - 0x00007ffc66bd0000 	C:\WINDOWS\System32\win32u.dll
0x00007ffc6a160000 - 0x00007ffc6a188000 	C:\WINDOWS\System32\GDI32.dll
0x00007ffc5d200000 - 0x00007ffc5d469000 	C:\WINDOWS\WinSxS\amd64_microsoft.windows.common-controls_6595b64144ccf1df_6.0.17134.112_none_fb3f961b30681c12\COMCTL32.dll
0x00007ffc67a50000 - 0x00007ffc67be2000 	C:\WINDOWS\System32\gdi32full.dll
0x00007ffc67340000 - 0x00007ffc673df000 	C:\WINDOWS\System32\msvcp_win.dll
0x00007ffc67da0000 - 0x00007ffc67e3e000 	C:\WINDOWS\System32\msvcrt.dll
0x00007ffc680d0000 - 0x00007ffc683f3000 	C:\WINDOWS\System32\combase.dll
0x00007ffc6ac10000 - 0x00007ffc6ad34000 	C:\WINDOWS\System32\RPCRT4.dll
0x00007ffc67bf0000 - 0x00007ffc67c6a000 	C:\WINDOWS\System32\bcryptPrimitives.dll
0x00007ffc6a4e0000 - 0x00007ffc6a50d000 	C:\WINDOWS\System32\IMM32.DLL
0x00007ffc39330000 - 0x00007ffc393cb000 	C:\Users\natraj\Documents\sts2\Sts-lastProject\sts-4.8.0.RELEASE\plugins\org.eclipse.justj.openjdk.hotspot.jre.full.win32.x86_64_14.0.2.v20200815-0932\jre\bin\msvcp140.dll
0x00007ffc31b60000 - 0x00007ffc3267e000 	C:\Users\natraj\Documents\sts2\Sts-lastProject\sts-4.8.0.RELEASE\plugins\org.eclipse.justj.openjdk.hotspot.jre.full.win32.x86_64_14.0.2.v20200815-0932\jre\bin\server\jvm.dll
0x00007ffc69ba0000 - 0x00007ffc69c41000 	C:\WINDOWS\System32\ADVAPI32.dll
0x00007ffc69b40000 - 0x00007ffc69b9b000 	C:\WINDOWS\System32\sechost.dll
0x00007ffc67d90000 - 0x00007ffc67d98000 	C:\WINDOWS\System32\PSAPI.DLL
0x00007ffc60fa0000 - 0x00007ffc60faa000 	C:\WINDOWS\SYSTEM32\VERSION.dll
0x00007ffc5a160000 - 0x00007ffc5a169000 	C:\WINDOWS\SYSTEM32\WSOCK32.dll
0x00007ffc63a10000 - 0x00007ffc63a33000 	C:\WINDOWS\SYSTEM32\WINMM.dll
0x00007ffc69950000 - 0x00007ffc699bc000 	C:\WINDOWS\System32\WS2_32.dll
0x00007ffc63990000 - 0x00007ffc639ba000 	C:\WINDOWS\SYSTEM32\WINMMBASE.dll
0x00007ffc673e0000 - 0x00007ffc67429000 	C:\WINDOWS\System32\cfgmgr32.dll
0x00007ffc66b90000 - 0x00007ffc66ba1000 	C:\WINDOWS\System32\kernel.appcore.dll
0x00007ffc5cb90000 - 0x00007ffc5cb9a000 	C:\Users\natraj\Documents\sts2\Sts-lastProject\sts-4.8.0.RELEASE\plugins\org.eclipse.justj.openjdk.hotspot.jre.full.win32.x86_64_14.0.2.v20200815-0932\jre\bin\jimage.dll
0x00007ffc5a710000 - 0x00007ffc5a8d9000 	C:\WINDOWS\SYSTEM32\DBGHELP.DLL
0x00007ffc5a350000 - 0x00007ffc5a379000 	C:\WINDOWS\SYSTEM32\dbgcore.DLL
0x00007ffc3cd30000 - 0x00007ffc3cd55000 	C:\Users\natraj\Documents\sts2\Sts-lastProject\sts-4.8.0.RELEASE\plugins\org.eclipse.justj.openjdk.hotspot.jre.full.win32.x86_64_14.0.2.v20200815-0932\jre\bin\java.dll
0x00007ffc3d090000 - 0x00007ffc3d0a6000 	C:\Users\natraj\Documents\sts2\Sts-lastProject\sts-4.8.0.RELEASE\plugins\org.eclipse.justj.openjdk.hotspot.jre.full.win32.x86_64_14.0.2.v20200815-0932\jre\bin\zip.dll

dbghelp: loaded successfully - version: 4.0.5 - missing functions: none
symbol engine: initialized successfully - sym options: 0x614 - pdb path: .;C:\Users\natraj\Documents\sts2\Sts-lastProject\sts-4.8.0.RELEASE\plugins\org.eclipse.justj.openjdk.hotspot.jre.full.win32.x86_64_14.0.2.v20200815-0932\jre\bin;C:\WINDOWS\SYSTEM32;C:\WINDOWS\WinSxS\amd64_microsoft.windows.common-controls_6595b64144ccf1df_6.0.17134.112_none_fb3f961b30681c12;C:\Users\natraj\Documents\sts2\Sts-lastProject\sts-4.8.0.RELEASE\plugins\org.eclipse.justj.openjdk.hotspot.jre.full.win32.x86_64_14.0.2.v20200815-0932\jre\bin\server

VM Arguments:
jvm_args: -Dcom.sun.management.jmxremote -Dcom.sun.management.jmxremote.port=50238 -Dcom.sun.management.jmxremote.authenticate=false -Dcom.sun.management.jmxremote.ssl=false -Djava.rmi.server.hostname=localhost -Dspring.jmx.enabled=true -Dspring.application.admin.enabled=true -Xverify:none -XX:TieredStopAtLevel=1 -Dspring.boot.project.name=ApiManagement13 -Dfile.encoding=UTF-8 -XX:+ShowCodeDetailsInExceptionMessages 
java_command: com.sumit.feign.ApiManagement1Application --spring.output.ansi.enabled=always
java_class_path (initial): C:\Users\natraj\Documents\sts2\Sts-lastProject\Sts workspace for project\ApiManagement13\target\classes;C:\Users\natraj\.m2\repository\org\springframework\boot\spring-boot-starter-web\2.5.6\spring-boot-starter-web-2.5.6.jar;C:\Users\natraj\.m2\repository\org\springframework\boot\spring-boot-starter\2.5.6\spring-boot-starter-2.5.6.jar;C:\Users\natraj\.m2\repository\org\springframework\boot\spring-boot-starter-logging\2.5.6\spring-boot-starter-logging-2.5.6.jar;C:\Users\natraj\.m2\repository\ch\qos\logback\logback-classic\1.2.6\logback-classic-1.2.6.jar;C:\Users\natraj\.m2\repository\ch\qos\logback\logback-core\1.2.6\logback-core-1.2.6.jar;C:\Users\natraj\.m2\repository\org\apache\logging\log4j\log4j-to-slf4j\2.14.1\log4j-to-slf4j-2.14.1.jar;C:\Users\natraj\.m2\repository\org\apache\logging\log4j\log4j-api\2.14.1\log4j-api-2.14.1.jar;C:\Users\natraj\.m2\repository\org\slf4j\jul-to-slf4j\1.7.32\jul-to-slf4j-1.7.32.jar;C:\Users\natraj\.m2\repository\jakarta\annotation\jakarta.annotation-api\1.3.5\jakarta.annotation-api-1.3.5.jar;C:\Users\natraj\.m2\repository\org\yaml\snakeyaml\1.28\snakeyaml-1.28.jar;C:\Users\natraj\.m2\repository\org\springframework\boot\spring-boot-starter-json\2.5.6\spring-boot-starter-json-2.5.6.jar;C:\Users\natraj\.m2\repository\com\fasterxml\jackson\datatype\jackson-datatype-jdk8\2.12.5\jackson-datatype-jdk8-2.12.5.jar;C:\Users\natraj\.m2\repository\com\fasterxml\jackson\datatype\jackson-datatype-jsr310\2.12.5\jackson-datatype-jsr310-2.12.5.jar;C:\Users\natraj\.m2\repository\com\fasterxml\jackson\module\jackson-module-parameter-names\2.12.5\jackson-module-parameter-names-2.12.5.jar;C:\Users\natraj\.m2\repository\org\springframework\boot\spring-boot-starter-tomcat\2.5.6\spring-boot-starter-tomcat-2.5.6.jar;C:\Users\natraj\.m2\repository\org\apache\tomcat\embed\tomcat-embed-core\9.0.54\tomcat-embed-core-9.0.54.jar;C:\Users\natraj\.m2\repository\org\apache\tomcat\embed\tomcat-embed-websocket\9.0.54\tomcat-embed-websocket
Launcher Type: SUN_STANDARD

[Global flags]
     intx CICompilerCount                          = 3                                         {product} {ergonomic}
     uint ConcGCThreads                            = 1                                         {product} {ergonomic}
     uint G1ConcRefinementThreads                  = 4                                         {product} {ergonomic}
   size_t G1HeapRegionSize                         = 1048576                                   {product} {ergonomic}
    uintx GCDrainStackTargetSize                   = 64                                        {product} {ergonomic}
   size_t InitialHeapSize                          = 134217728                                 {product} {ergonomic}
     bool ManagementServer                         = true                                      {product} {command line}
   size_t MarkStackSize                            = 4194304                                   {product} {ergonomic}
   size_t MaxHeapSize                              = 2147483648                                {product} {ergonomic}
   size_t MinHeapDeltaBytes                        = 1048576                                   {product} {ergonomic}
   size_t MinHeapSize                              = 8388608                                   {product} {ergonomic}
    uintx NonNMethodCodeHeapSize                   = 6973028                                {pd product} {ergonomic}
    uintx NonProfiledCodeHeapSize                  = 244685212                              {pd product} {ergonomic}
    uintx ProfiledCodeHeapSize                     = 0                                      {pd product} {ergonomic}
    uintx ReservedCodeCacheSize                    = 251658240                              {pd product} {ergonomic}
     bool SegmentedCodeCache                       = true                                      {product} {ergonomic}
     bool ShowCodeDetailsInExceptionMessages       = true                                   {manageable} {command line}
   size_t SoftMaxHeapSize                          = 2147483648                             {manageable} {ergonomic}
     intx TieredStopAtLevel                        = 1                                         {product} {command line}
     bool UseCompressedClassPointers               = true                                 {lp64_product} {ergonomic}
     bool UseCompressedOops                        = true                                 {lp64_product} {ergonomic}
     bool UseG1GC                                  = true                                      {product} {ergonomic}
     bool UseLargePagesIndividualAllocation        = false                                  {pd product} {ergonomic}

Logging:
Log output configuration:
 #0: stdout all=warning uptime,level,tags
 #1: stderr all=off uptime,level,tags

Environment Variables:
JAVA_HOME=C:\Program Files\Java\jre1.8.0_202
PATH=C:/Users/natraj/Documents/sts2/Sts-lastProject/sts-4.8.0.RELEASE//plugins/org.eclipse.justj.openjdk.hotspot.jre.full.win32.x86_64_14.0.2.v20200815-0932/jre/bin/server;C:/Users/natraj/Documents/sts2/Sts-lastProject/sts-4.8.0.RELEASE//plugins/org.eclipse.justj.openjdk.hotspot.jre.full.win32.x86_64_14.0.2.v20200815-0932/jre/bin;C:\Program Files\nodejs\node_modules\npm;C:\Program Files\nodejs\;C:\Program Files\Java\jre1.8.0_202\bin;C:\Users\natraj\AppData\Local\Microsoft\WindowsApps;C:\Program Files\Java\jre1.8.0_202\bin;;C:\Users\natraj\Documents\sts2\Sts-lastProject\sts-4.8.0.RELEASE;
USERNAME=natraj
OS=Windows_NT
PROCESSOR_IDENTIFIER=Intel64 Family 6 Model 44 Stepping 2, GenuineIntel



---------------  S Y S T E M  ---------------

OS: Windows 10 , 64 bit Build 17134 (10.0.17134.1)
OS uptime: 46 days 7:36 hours

CPU:total 4 (initial active 4) (4 cores per cpu, 1 threads per core) family 6 model 44 stepping 2, cmov, cx8, fxsr, mmx, sse, sse2, sse3, ssse3, sse4.1, sse4.2, popcnt, aes, clmul, tsc, tscinvbit, tscinv

Memory: 4k page, system-wide physical 8191M (124M free)
TotalPageFile size 12287M (AvailPageFile size 27M)
current process WorkingSet (physical memory assigned to process): 10M, peak: 10M
current process commit charge ("private bytes"): 49M, peak: 177M

vm_info: OpenJDK 64-Bit Server VM (14.0.2+12-46) for windows-amd64 JRE (14.0.2+12-46), built on Jul  9 2020 00:31:16 by "mach5one" with MS VC++ 15.9 (VS2017)

END.
