#
# There is insufficient memory for the Java Runtime Environment to continue.
# Native memory allocation (malloc) failed to allocate 1048576 bytes for AllocateHeap
# Possible reasons:
#   The system is out of physical RAM or swap space
#   The process is running with CompressedOops enabled, and the Java Heap may be blocking the growth of the native heap
# Possible solutions:
#   Reduce memory load on the system
#   Increase physical memory or swap space
#   Check if swap backing store is full
#   Decrease Java heap size (-Xmx/-Xms)
#   Decrease number of Java threads
#   Decrease Java thread stack sizes (-Xss)
#   Set larger code cache with -XX:ReservedCodeCacheSize=
#   JVM is running with Unscaled Compressed Oops mode in which the Java heap is
#     placed in the first 4GB address space. The Java Heap base address is the
#     maximum limit for the native heap growth. Please use -XX:HeapBaseMinAddress
#     to set the Java Heap base and to place the Java Heap above 4GB virtual address.
# This output file may be truncated or incomplete.
#
#  Out of Memory Error (./open/src/hotspot/share/memory/allocation.cpp:44), pid=496, tid=12776
#
# JRE version: OpenJDK Runtime Environment (14.0.2+12) (build 14.0.2+12-46)
# Java VM: OpenJDK 64-Bit Server VM (14.0.2+12-46, mixed mode, tiered, compressed oops, g1 gc, windows-amd64)
# No core dump will be written. Minidumps are not enabled by default on client versions of Windows
#

---------------  S U M M A R Y ------------

Command Line: -Dcom.sun.management.jmxremote -Dcom.sun.management.jmxremote.port=51655 -Dcom.sun.management.jmxremote.authenticate=false -Dcom.sun.management.jmxremote.ssl=false -Djava.rmi.server.hostname=localhost -Dspring.jmx.enabled=true -Dspring.application.admin.enabled=true -Xverify:none -XX:TieredStopAtLevel=1 -Dspring.boot.project.name=ApiManagement13 -Dfile.encoding=UTF-8 -XX:+ShowCodeDetailsInExceptionMessages com.sumit.feign.ApiManagement1Application --spring.output.ansi.enabled=always

Host: Intel(R) Xeon(R) CPU           E5645  @ 2.40GHz, 4 cores, 7G,  Windows 10 , 64 bit Build 17134 (10.0.17134.1)
Time: Tue Nov 30 18:02:28 2021 India Standard Time elapsed time: 6148 seconds (0d 1h 42m 28s)

---------------  T H R E A D  ---------------

Current thread (0x0000020bdd5d8800):  VMThread "VM Thread" [stack: 0x000000e348400000,0x000000e348500000] [id=12776]

Stack: [0x000000e348400000,0x000000e348500000]
[error occurred during error reporting (printing stack bounds), id 0xc0000005, EXCEPTION_ACCESS_VIOLATION (0xc0000005) at pc=0x0000020bc65110bd]

Native frames: (J=compiled Java code, j=interpreted, Vv=VM code, C=native code)
V  [jvm.dll+0x5f8a9a]
V  [jvm.dll+0x74247a]
V  [jvm.dll+0x743c2f]
V  [jvm.dll+0x7441d5]
V  [jvm.dll+0x74418b]
V  [jvm.dll+0x5f7f6f]
V  [jvm.dll+0x5f8738]
C  [ntdll.dll+0x9eced]
C  [ntdll.dll+0x6c86]
C  [ntdll.dll+0x9dc1e]
C  0x0000020bc65110bd

VM_Operation (0x000000e347cff030): G1CollectFull, mode: safepoint, requested by thread 0x0000020be122a800


---------------  P R O C E S S  ---------------

Threads class SMR info:
_java_thread_list=0x0000020be1c2e3c0, length=19, elements={
0x0000020bdd5eb800, 0x0000020bdd5f6800, 0x0000020bdd629800, 0x0000020bdd62a800,
0x0000020bdd62c800, 0x0000020bdd62d800, 0x0000020bdd656000, 0x0000020bdcd6c000,
0x0000020bdd7ff800, 0x0000020bddef5000, 0x0000020bddf25000, 0x0000020bddf30000,
0x0000020bde059800, 0x0000020bde196000, 0x0000020be1230000, 0x0000020be122b000,
0x0000020be122c800, 0x0000020be1239000, 0x0000020be122a800
}

Java Threads: ( => current thread )
  0x0000020bdd5eb800 JavaThread "Reference Handler" daemon [_thread_blocked, id=12940, stack(0x000000e348500000,0x000000e348600000)]
  0x0000020bdd5f6800 JavaThread "Finalizer" daemon [_thread_blocked, id=7692, stack(0x000000e348600000,0x000000e348700000)]
  0x0000020bdd629800 JavaThread "Signal Dispatcher" daemon [_thread_blocked, id=14376, stack(0x000000e348700000,0x000000e348800000)]
  0x0000020bdd62a800 JavaThread "Attach Listener" daemon [_thread_blocked, id=8020, stack(0x000000e348800000,0x000000e348900000)]
  0x0000020bdd62c800 JavaThread "Service Thread" daemon [_thread_blocked, id=14400, stack(0x000000e348900000,0x000000e348a00000)]
  0x0000020bdd62d800 JavaThread "C1 CompilerThread0" daemon [_thread_blocked, id=14248, stack(0x000000e348a00000,0x000000e348b00000)]
  0x0000020bdd656000 JavaThread "Sweeper thread" daemon [_thread_blocked, id=9492, stack(0x000000e348b00000,0x000000e348c00000)]
  0x0000020bdcd6c000 JavaThread "Common-Cleaner" daemon [_thread_blocked, id=15724, stack(0x000000e348c00000,0x000000e348d00000)]
  0x0000020bdd7ff800 JavaThread "Notification Thread" daemon [_thread_blocked, id=6760, stack(0x000000e348d00000,0x000000e348e00000)]
  0x0000020bddef5000 JavaThread "RMI TCP Accept-0" daemon [_thread_in_native, id=17156, stack(0x000000e349000000,0x000000e349100000)]
  0x0000020bddf25000 JavaThread "RMI TCP Accept-51655" daemon [_thread_in_native, id=7704, stack(0x000000e349100000,0x000000e349200000)]
  0x0000020bddf30000 JavaThread "RMI TCP Accept-0" daemon [_thread_in_native, id=5592, stack(0x000000e349200000,0x000000e349300000)]
  0x0000020bde059800 JavaThread "RMI Scheduler(0)" daemon [_thread_blocked, id=7916, stack(0x000000e349500000,0x000000e349600000)]
  0x0000020bde196000 JavaThread "JMX server connection timeout 20" daemon [_thread_blocked, id=16388, stack(0x000000e349700000,0x000000e349800000)]
  0x0000020be1230000 JavaThread "mysql-cj-abandoned-connection-cleanup" daemon [_thread_blocked, id=1896, stack(0x000000e349e00000,0x000000e349f00000)]
  0x0000020be122b000 JavaThread "Live Reload Server" daemon [_thread_in_native, id=3328, stack(0x000000e34a300000,0x000000e34a400000)]
  0x0000020be122c800 JavaThread "DestroyJavaVM" [_thread_blocked, id=9244, stack(0x000000e347e00000,0x000000e347f00000)]
  0x0000020be1239000 JavaThread "RMI TCP Connection(idle)" daemon [_thread_blocked, id=7760, stack(0x000000e34a600000,0x000000e34a700000)]
  0x0000020be122a800 JavaThread "Thread-27" [_thread_blocked, id=6240, stack(0x000000e347c00000,0x000000e347d00000)]

Other Threads:
=>0x0000020bdd5d8800 VMThread "VM Thread" [stack: 0x000000e348400000,0x000000e348500000] [id=12776]
  0x0000020bddf30800 WatcherThread [stack: 0x000000e349300000,0x000000e349400000] [id=7648]
  0x0000020bc1083000 GCTaskThread "GC Thread#0" [stack: 0x000000e347f00000,0x000000e348000000] [id=6556]
  0x0000020bdddc3800 GCTaskThread "GC Thread#1" [stack: 0x000000e348e00000,0x000000e348f00000] [id=11496]
  0x0000020bdddc4000 GCTaskThread "GC Thread#2" [stack: 0x000000e348f00000,0x000000e349000000] [id=10372]
  0x0000020bdefb4800 GCTaskThread "GC Thread#3" [stack: 0x000000e349b00000,0x000000e349c00000] [id=13596]
  0x0000020bc1094000 ConcurrentGCThread "G1 Main Marker" [stack: 0x000000e348000000,0x000000e348100000] [id=988]
  0x0000020bc1096000 ConcurrentGCThread "G1 Conc#0" [stack: 0x000000e348100000,0x000000e348200000] [id=9084]
  0x0000020bdcbfa800 ConcurrentGCThread "G1 Refine#0" [stack: 0x000000e348200000,0x000000e348300000] [id=10676]
  0x0000020bdcbfb000 ConcurrentGCThread "G1 Young RemSet Sampling" [stack: 0x000000e348300000,0x000000e348400000] [id=13340]

Threads with active compile tasks:

VM state:at safepoint (normal execution)

VM Mutex/Monitor currently owned by a thread:  ([mutex/lock_event])
[0x0000020bc103a470] Threads_lock - owner thread: 0x0000020bdd5d8800
[0x0000020bc103ae00] Heap_lock - owner thread: 0x0000020be122a800

Heap address: 0x0000000080000000, size: 2048 MB, Compressed Oops mode: 32-bit
Narrow klass base: 0x0000000000000000, Narrow klass shift: 3
Compressed class space size: 1073741824 Address: 0x0000000100000000

Heap:
 garbage-first heap   total 80896K, used 50453K [0x0000000080000000, 0x0000000100000000)
  region size 1024K, 20 young (20480K), 1 survivors (1024K)
 Metaspace       used 59711K, capacity 61668K, committed 61872K, reserved 1103872K
  class space    used 7675K, capacity 8378K, committed 8448K, reserved 1048576K
Heap Regions: E=young(eden), S=young(survivor), O=old, HS=humongous(starts), HC=humongous(continues), CS=collection set, F=free, OA=open archive, CA=closed archive, TAMS=top-at-mark-start (previous, next)
|   0|0x0000000080000000, 0x0000000080100000, 0x0000000080100000|100%| O|  |TAMS 0x0000000080000000, 0x0000000080000000| Untracked 
|   1|0x0000000080100000, 0x0000000080200000, 0x0000000080200000|100%|HS|  |TAMS 0x0000000080100000, 0x0000000080100000| Untracked 
|   2|0x0000000080200000, 0x00000000802ffff0, 0x0000000080300000| 99%| O|  |TAMS 0x0000000080200000, 0x0000000080200000| Untracked 
|   3|0x0000000080300000, 0x00000000803fffc0, 0x0000000080400000| 99%| O|  |TAMS 0x0000000080300000, 0x0000000080300000| Untracked 
|   4|0x0000000080400000, 0x00000000804fffd8, 0x0000000080500000| 99%| O|  |TAMS 0x0000000080400000, 0x0000000080400000| Untracked 
|   5|0x0000000080500000, 0x00000000805ffff0, 0x0000000080600000| 99%| O|  |TAMS 0x0000000080500000, 0x0000000080500000| Untracked 
|   6|0x0000000080600000, 0x00000000806fffe8, 0x0000000080700000| 99%| O|  |TAMS 0x0000000080600000, 0x0000000080600000| Untracked 
|   7|0x0000000080700000, 0x00000000807ffff8, 0x0000000080800000| 99%| O|  |TAMS 0x0000000080700000, 0x0000000080700000| Untracked 
|   8|0x0000000080800000, 0x00000000808fffc8, 0x0000000080900000| 99%| O|  |TAMS 0x0000000080800000, 0x0000000080800000| Untracked 
|   9|0x0000000080900000, 0x00000000809fffe8, 0x0000000080a00000| 99%| O|  |TAMS 0x0000000080900000, 0x0000000080900000| Untracked 
|  10|0x0000000080a00000, 0x0000000080affff8, 0x0000000080b00000| 99%| O|  |TAMS 0x0000000080a00000, 0x0000000080a00000| Untracked 
|  11|0x0000000080b00000, 0x0000000080bfffe8, 0x0000000080c00000| 99%| O|  |TAMS 0x0000000080b00000, 0x0000000080b00000| Untracked 
|  12|0x0000000080c00000, 0x0000000080cfffe8, 0x0000000080d00000| 99%| O|  |TAMS 0x0000000080c00000, 0x0000000080c00000| Untracked 
|  13|0x0000000080d00000, 0x0000000080df7b00, 0x0000000080e00000| 96%| O|  |TAMS 0x0000000080d00000, 0x0000000080d00000| Untracked 
|  14|0x0000000080e00000, 0x0000000080f00000, 0x0000000080f00000|100%| O|  |TAMS 0x0000000080e00000, 0x0000000080e00000| Untracked 
|  15|0x0000000080f00000, 0x0000000080ffffe8, 0x0000000081000000| 99%| O|  |TAMS 0x0000000080f00000, 0x0000000080f00000| Untracked 
|  16|0x0000000081000000, 0x00000000810f9e70, 0x0000000081100000| 97%| O|  |TAMS 0x0000000081000000, 0x0000000081000000| Untracked 
|  17|0x0000000081100000, 0x00000000811ffff8, 0x0000000081200000| 99%| O|  |TAMS 0x0000000081100000, 0x0000000081100000| Untracked 
|  18|0x0000000081200000, 0x00000000812ffff0, 0x0000000081300000| 99%| O|  |TAMS 0x0000000081200000, 0x0000000081200000| Untracked 
|  19|0x0000000081300000, 0x00000000813fffe8, 0x0000000081400000| 99%| O|  |TAMS 0x0000000081300000, 0x0000000081300000| Untracked 
|  20|0x0000000081400000, 0x0000000081500000, 0x0000000081500000|100%| O|  |TAMS 0x0000000081400000, 0x0000000081400000| Untracked 
|  21|0x0000000081500000, 0x0000000081600000, 0x0000000081600000|100%| O|  |TAMS 0x0000000081500000, 0x0000000081500000| Untracked 
|  22|0x0000000081600000, 0x00000000816fffd8, 0x0000000081700000| 99%| O|  |TAMS 0x0000000081600000, 0x0000000081600000| Untracked 
|  23|0x0000000081700000, 0x0000000081800000, 0x0000000081800000|100%| O|  |TAMS 0x0000000081700000, 0x0000000081700000| Untracked 
|  24|0x0000000081800000, 0x00000000818b78e0, 0x0000000081900000| 71%| O|  |TAMS 0x0000000081800000, 0x0000000081800000| Untracked 
|  25|0x0000000081900000, 0x0000000081a00000, 0x0000000081a00000|100%| O|  |TAMS 0x0000000081900000, 0x0000000081900000| Untracked 
|  26|0x0000000081a00000, 0x0000000081aaea40, 0x0000000081b00000| 68%| O|  |TAMS 0x0000000081a00000, 0x0000000081a00000| Untracked 
|  27|0x0000000081b00000, 0x0000000081c00000, 0x0000000081c00000|100%| O|  |TAMS 0x0000000081b00000, 0x0000000081b00000| Untracked 
|  28|0x0000000081c00000, 0x0000000081d00000, 0x0000000081d00000|100%| O|  |TAMS 0x0000000081c00000, 0x0000000081c00000| Untracked 
|  29|0x0000000081d00000, 0x0000000081e00000, 0x0000000081e00000|100%| O|  |TAMS 0x0000000081d00000, 0x0000000081d00000| Untracked 
|  30|0x0000000081e00000, 0x0000000081f00000, 0x0000000081f00000|100%| O|  |TAMS 0x0000000081e00000, 0x0000000081e00000| Untracked 
|  31|0x0000000081f00000, 0x0000000081f49000, 0x0000000082000000| 28%| O|  |TAMS 0x0000000081f00000, 0x0000000081f00000| Untracked 
|  32|0x0000000082000000, 0x0000000082000000, 0x0000000082100000|  0%| F|  |TAMS 0x0000000082000000, 0x0000000082000000| Untracked 
|  33|0x0000000082100000, 0x0000000082100000, 0x0000000082200000|  0%| F|  |TAMS 0x0000000082100000, 0x0000000082100000| Untracked 
|  34|0x0000000082200000, 0x0000000082200000, 0x0000000082300000|  0%| F|  |TAMS 0x0000000082200000, 0x0000000082200000| Untracked 
|  35|0x0000000082300000, 0x0000000082300000, 0x0000000082400000|  0%| F|  |TAMS 0x0000000082300000, 0x0000000082300000| Untracked 
|  36|0x0000000082400000, 0x0000000082400000, 0x0000000082500000|  0%| F|  |TAMS 0x0000000082400000, 0x0000000082400000| Untracked 
|  37|0x0000000082500000, 0x0000000082500000, 0x0000000082600000|  0%| F|  |TAMS 0x0000000082500000, 0x0000000082500000| Untracked 
|  38|0x0000000082600000, 0x0000000082600000, 0x0000000082700000|  0%| F|  |TAMS 0x0000000082600000, 0x0000000082600000| Untracked 
|  39|0x0000000082700000, 0x0000000082700000, 0x0000000082800000|  0%| F|  |TAMS 0x0000000082700000, 0x0000000082700000| Untracked 
|  40|0x0000000082800000, 0x0000000082800000, 0x0000000082900000|  0%| F|  |TAMS 0x0000000082800000, 0x0000000082800000| Untracked 
|  41|0x0000000082900000, 0x0000000082900000, 0x0000000082a00000|  0%| F|  |TAMS 0x0000000082900000, 0x0000000082900000| Untracked 
|  42|0x0000000082a00000, 0x0000000082a00000, 0x0000000082b00000|  0%| F|  |TAMS 0x0000000082a00000, 0x0000000082a00000| Untracked 
|  43|0x0000000082b00000, 0x0000000082b00000, 0x0000000082c00000|  0%| F|  |TAMS 0x0000000082b00000, 0x0000000082b00000| Untracked 
|  44|0x0000000082c00000, 0x0000000082ca4aa0, 0x0000000082d00000| 64%| S|CS|TAMS 0x0000000082c00000, 0x0000000082c00000| Complete 
|  45|0x0000000082d00000, 0x0000000082d00000, 0x0000000082e00000|  0%| F|  |TAMS 0x0000000082d00000, 0x0000000082d00000| Untracked 
|  46|0x0000000082e00000, 0x0000000082e00000, 0x0000000082f00000|  0%| F|  |TAMS 0x0000000082e00000, 0x0000000082e00000| Untracked 
|  47|0x0000000082f00000, 0x0000000082f00000, 0x0000000083000000|  0%| F|  |TAMS 0x0000000082f00000, 0x0000000082f00000| Untracked 
|  48|0x0000000083000000, 0x0000000083000000, 0x0000000083100000|  0%| F|  |TAMS 0x0000000083000000, 0x0000000083000000| Untracked 
|  49|0x0000000083100000, 0x0000000083100000, 0x0000000083200000|  0%| F|  |TAMS 0x0000000083100000, 0x0000000083100000| Untracked 
|  50|0x0000000083200000, 0x0000000083200000, 0x0000000083300000|  0%| F|  |TAMS 0x0000000083200000, 0x0000000083200000| Untracked 
|  51|0x0000000083300000, 0x0000000083300000, 0x0000000083400000|  0%| F|  |TAMS 0x0000000083300000, 0x0000000083300000| Untracked 
|  52|0x0000000083400000, 0x0000000083400000, 0x0000000083500000|  0%| F|  |TAMS 0x0000000083400000, 0x0000000083400000| Untracked 
|  53|0x0000000083500000, 0x0000000083500000, 0x0000000083600000|  0%| F|  |TAMS 0x0000000083500000, 0x0000000083500000| Untracked 
|  54|0x0000000083600000, 0x0000000083600000, 0x0000000083700000|  0%| F|  |TAMS 0x0000000083600000, 0x0000000083600000| Untracked 
|  55|0x0000000083700000, 0x0000000083700000, 0x0000000083800000|  0%| F|  |TAMS 0x0000000083700000, 0x0000000083700000| Untracked 
|  56|0x0000000083800000, 0x0000000083800000, 0x0000000083900000|  0%| F|  |TAMS 0x0000000083800000, 0x0000000083800000| Untracked 
|  57|0x0000000083900000, 0x0000000083900000, 0x0000000083a00000|  0%| F|  |TAMS 0x0000000083900000, 0x0000000083900000| Untracked 
|  58|0x0000000083a00000, 0x0000000083a00000, 0x0000000083b00000|  0%| F|  |TAMS 0x0000000083a00000, 0x0000000083a00000| Untracked 
|  59|0x0000000083b00000, 0x0000000083b00000, 0x0000000083c00000|  0%| F|  |TAMS 0x0000000083b00000, 0x0000000083b00000| Untracked 
|  60|0x0000000083c00000, 0x0000000083ceaf30, 0x0000000083d00000| 91%| E|  |TAMS 0x0000000083c00000, 0x0000000083c00000| Complete 
|  61|0x0000000083d00000, 0x0000000083e00000, 0x0000000083e00000|100%| E|CS|TAMS 0x0000000083d00000, 0x0000000083d00000| Complete 
|  62|0x0000000083e00000, 0x0000000083f00000, 0x0000000083f00000|100%| E|CS|TAMS 0x0000000083e00000, 0x0000000083e00000| Complete 
|  63|0x0000000083f00000, 0x0000000084000000, 0x0000000084000000|100%| E|CS|TAMS 0x0000000083f00000, 0x0000000083f00000| Complete 
|  64|0x0000000084000000, 0x0000000084100000, 0x0000000084100000|100%| E|CS|TAMS 0x0000000084000000, 0x0000000084000000| Complete 
|  65|0x0000000084100000, 0x0000000084200000, 0x0000000084200000|100%| E|CS|TAMS 0x0000000084100000, 0x0000000084100000| Complete 
|  66|0x0000000084200000, 0x0000000084300000, 0x0000000084300000|100%| E|CS|TAMS 0x0000000084200000, 0x0000000084200000| Complete 
|  67|0x0000000084300000, 0x0000000084400000, 0x0000000084400000|100%| E|CS|TAMS 0x0000000084300000, 0x0000000084300000| Complete 
|  68|0x0000000084400000, 0x0000000084500000, 0x0000000084500000|100%| E|CS|TAMS 0x0000000084400000, 0x0000000084400000| Complete 
|  69|0x0000000084500000, 0x0000000084600000, 0x0000000084600000|100%| E|CS|TAMS 0x0000000084500000, 0x0000000084500000| Complete 
|  70|0x0000000084600000, 0x0000000084700000, 0x0000000084700000|100%| E|CS|TAMS 0x0000000084600000, 0x0000000084600000| Complete 
|  71|0x0000000084700000, 0x0000000084800000, 0x0000000084800000|100%| E|CS|TAMS 0x0000000084700000, 0x0000000084700000| Complete 
|  72|0x0000000084800000, 0x0000000084900000, 0x0000000084900000|100%| E|CS|TAMS 0x0000000084800000, 0x0000000084800000| Complete 
|  73|0x0000000084900000, 0x0000000084a00000, 0x0000000084a00000|100%| E|CS|TAMS 0x0000000084900000, 0x0000000084900000| Complete 
|  74|0x0000000084a00000, 0x0000000084b00000, 0x0000000084b00000|100%| E|CS|TAMS 0x0000000084a00000, 0x0000000084a00000| Complete 
| 120|0x0000000087800000, 0x0000000087900000, 0x0000000087900000|100%| E|CS|TAMS 0x0000000087800000, 0x0000000087800000| Complete 
| 121|0x0000000087900000, 0x0000000087a00000, 0x0000000087a00000|100%| E|CS|TAMS 0x0000000087900000, 0x0000000087900000| Complete 
| 122|0x0000000087a00000, 0x0000000087b00000, 0x0000000087b00000|100%| E|CS|TAMS 0x0000000087a00000, 0x0000000087a00000| Complete 
| 153|0x0000000089900000, 0x0000000089a00000, 0x0000000089a00000|100%| E|CS|TAMS 0x0000000089900000, 0x0000000089900000| Complete 

Card table byte_map: [0x0000020bd5f30000,0x0000020bd6330000] _byte_map_base: 0x0000020bd5b30000

Marking Bits (Prev, Next): (CMBitMap*) 0x0000020bc10835b8, (CMBitMap*) 0x0000020bc10835f8
 Prev Bits: [0x0000020bd6730000, 0x0000020bd8730000)
 Next Bits: [0x0000020bd8730000, 0x0000020bda730000)

Polling page: 0x0000020bc1100000

Metaspace:

Usage:
  Non-class:     52.04 MB capacity,    50.82 MB ( 98%) used,     1.02 MB (  2%) free+waste,   207.44 KB ( <1%) overhead. 
      Class:      8.18 MB capacity,     7.50 MB ( 92%) used,   601.70 KB (  7%) free+waste,   100.81 KB (  1%) overhead. 
       Both:     60.22 MB capacity,    58.31 MB ( 97%) used,     1.61 MB (  3%) free+waste,   308.25 KB ( <1%) overhead. 

Virtual space:
  Non-class space:       54.00 MB reserved,      52.17 MB ( 97%) committed 
      Class space:        1.00 GB reserved,       8.25 MB ( <1%) committed 
             Both:        1.05 GB reserved,      60.42 MB (  6%) committed 

Chunk freelists:
   Non-Class:  134.00 KB
       Class:  6.00 KB
        Both:  140.00 KB

MaxMetaspaceSize: 17179869184.00 GB
CompressedClassSpaceSize: 1.00 GB

CodeHeap 'non-profiled nmethods': size=238912Kb used=12438Kb max_used=12438Kb free=226473Kb
 bounds [0x0000020bc6bc0000, 0x0000020bc77f0000, 0x0000020bd5510000]
CodeHeap 'non-nmethods': size=6848Kb used=1296Kb max_used=1296Kb free=5551Kb
 bounds [0x0000020bc6510000, 0x0000020bc6780000, 0x0000020bc6bc0000]
 total_blobs=8121 nmethods=7527 adapters=522
 compilation: enabled
              stopped_count=0, restarted_count=0
 full_count=0

Compilation events (20 events):
Event: 6019.034 Thread 0x0000020bdd62d800 7522       1       java.util.concurrent.SynchronousQueue$TransferStack::transfer (380 bytes)
Event: 6019.064 Thread 0x0000020bdd62d800 nmethod 7522 0x0000020bc77dd390 code [0x0000020bc77dda40, 0x0000020bc77e0f58]
Event: 6148.119 Thread 0x0000020bdd62d800 7523  s    1       org.apache.catalina.util.LifecycleBase::setState (8 bytes)
Event: 6148.122 Thread 0x0000020bdd62d800 nmethod 7523 0x0000020bc77e2490 code [0x0000020bc77e2640, 0x0000020bc77e2888]
Event: 6148.175 Thread 0x0000020bdd62d800 7524       1       java.util.concurrent.ConcurrentHashMap$BaseIterator::remove (37 bytes)
Event: 6148.180 Thread 0x0000020bdd62d800 nmethod 7524 0x0000020bc77e2910 code [0x0000020bc77e2ac0, 0x0000020bc77e2c98]
Event: 6148.181 Thread 0x0000020bdd62d800 7525       1       org.springframework.beans.factory.support.DefaultListableBeanFactory::destroySingleton (15 bytes)
Event: 6148.216 Thread 0x0000020bdd62d800 nmethod 7525 0x0000020bc77e2d90 code [0x0000020bc77e2f60, 0x0000020bc77e3238]
Event: 6148.216 Thread 0x0000020bdd62d800 7529       1       java.util.LinkedHashMap::clear (15 bytes)
Event: 6148.220 Thread 0x0000020bdd62d800 nmethod 7529 0x0000020bc77e3410 code [0x0000020bc77e35a0, 0x0000020bc77e36c8]
Event: 6148.220 Thread 0x0000020bdd62d800 7526   !   1       org.springframework.beans.factory.support.DefaultSingletonBeanRegistry::destroySingleton (45 bytes)
Event: 6148.227 Thread 0x0000020bdd62d800 nmethod 7526 0x0000020bc77e3790 code [0x0000020bc77e3960, 0x0000020bc77e3c88]
Event: 6148.228 Thread 0x0000020bdd62d800 7527   !   1       org.springframework.beans.factory.support.AbstractAutowireCapableBeanFactory::removeSingleton (34 bytes)
Event: 6148.235 Thread 0x0000020bdd62d800 nmethod 7527 0x0000020bc77e3e10 code [0x0000020bc77e3fe0, 0x0000020bc77e4488]
Event: 6148.235 Thread 0x0000020bdd62d800 7528   !   1       org.springframework.beans.factory.support.FactoryBeanRegistrySupport::removeSingleton (34 bytes)
Event: 6148.236 Thread 0x0000020bdd62d800 nmethod 7528 0x0000020bc77e4690 code [0x0000020bc77e4840, 0x0000020bc77e4af8]
Event: 6148.295 Thread 0x0000020bdd62d800 7530       1       java.util.concurrent.FutureTask::finishCompletion (71 bytes)
Event: 6148.305 Thread 0x0000020bdd62d800 nmethod 7530 0x0000020bc77e4c10 code [0x0000020bc77e4e00, 0x0000020bc77e5348]
Event: 6148.305 Thread 0x0000020bdd62d800 7531       1       java.util.concurrent.FutureTask::done (1 bytes)
Event: 6148.305 Thread 0x0000020bdd62d800 nmethod 7531 0x0000020bc77e5610 code [0x0000020bc77e57a0, 0x0000020bc77e5858]

GC Heap History (20 events):
Event: 4569.537 GC heap before
{Heap before GC invocations=53 (full 3):
 garbage-first heap   total 80896K, used 67288K [0x0000000080000000, 0x0000000100000000)
  region size 1024K, 40 young (40960K), 0 survivors (0K)
 Metaspace       used 59619K, capacity 61537K, committed 61872K, reserved 1103872K
  class space    used 7654K, capacity 8335K, committed 8448K, reserved 1048576K
}
Event: 4569.560 GC heap after
{Heap after GC invocations=54 (full 3):
 garbage-first heap   total 80896K, used 28008K [0x0000000080000000, 0x0000000100000000)
  region size 1024K, 2 young (2048K), 2 survivors (2048K)
 Metaspace       used 59619K, capacity 61537K, committed 61872K, reserved 1103872K
  class space    used 7654K, capacity 8335K, committed 8448K, reserved 1048576K
}
Event: 4570.288 GC heap before
{Heap before GC invocations=54 (full 3):
 garbage-first heap   total 80896K, used 65896K [0x0000000080000000, 0x0000000100000000)
  region size 1024K, 40 young (40960K), 2 survivors (2048K)
 Metaspace       used 59650K, capacity 61575K, committed 61872K, reserved 1103872K
  class space    used 7659K, capacity 8368K, committed 8448K, reserved 1048576K
}
Event: 4570.309 GC heap after
{Heap after GC invocations=55 (full 3):
 garbage-first heap   total 80896K, used 29102K [0x0000000080000000, 0x0000000100000000)
  region size 1024K, 3 young (3072K), 3 survivors (3072K)
 Metaspace       used 59650K, capacity 61575K, committed 61872K, reserved 1103872K
  class space    used 7659K, capacity 8368K, committed 8448K, reserved 1048576K
}
Event: 4571.161 GC heap before
{Heap before GC invocations=55 (full 3):
 garbage-first heap   total 80896K, used 66990K [0x0000000080000000, 0x0000000100000000)
  region size 1024K, 40 young (40960K), 3 survivors (3072K)
 Metaspace       used 59704K, capacity 61639K, committed 61872K, reserved 1103872K
  class space    used 7665K, capacity 8368K, committed 8448K, reserved 1048576K
}
Event: 4571.183 GC heap after
{Heap after GC invocations=56 (full 3):
 garbage-first heap   total 80896K, used 29986K [0x0000000080000000, 0x0000000100000000)
  region size 1024K, 3 young (3072K), 3 survivors (3072K)
 Metaspace       used 59704K, capacity 61639K, committed 61872K, reserved 1103872K
  class space    used 7665K, capacity 8368K, committed 8448K, reserved 1048576K
}
Event: 4749.248 GC heap before
{Heap before GC invocations=56 (full 3):
 garbage-first heap   total 80896K, used 65826K [0x0000000080000000, 0x0000000100000000)
  region size 1024K, 38 young (38912K), 3 survivors (3072K)
 Metaspace       used 59790K, capacity 61775K, committed 61872K, reserved 1103872K
  class space    used 7676K, capacity 8382K, committed 8448K, reserved 1048576K
}
Event: 4749.262 GC heap after
{Heap after GC invocations=57 (full 3):
 garbage-first heap   total 80896K, used 31885K [0x0000000080000000, 0x0000000100000000)
  region size 1024K, 4 young (4096K), 4 survivors (4096K)
 Metaspace       used 59790K, capacity 61775K, committed 61872K, reserved 1103872K
  class space    used 7676K, capacity 8382K, committed 8448K, reserved 1048576K
}
Event: 4861.353 GC heap before
{Heap before GC invocations=57 (full 3):
 garbage-first heap   total 80896K, used 38029K [0x0000000080000000, 0x0000000100000000)
  region size 1024K, 11 young (11264K), 4 survivors (4096K)
 Metaspace       used 59793K, capacity 61781K, committed 61872K, reserved 1103872K
  class space    used 7677K, capacity 8384K, committed 8448K, reserved 1048576K
}
Event: 4862.030 GC heap after
{Heap after GC invocations=58 (full 4):
 garbage-first heap   total 80896K, used 25950K [0x0000000080000000, 0x0000000100000000)
  region size 1024K, 0 young (0K), 0 survivors (0K)
 Metaspace       used 59452K, capacity 61279K, committed 61872K, reserved 1103872K
  class space    used 7635K, capacity 8302K, committed 8448K, reserved 1048576K
}
Event: 4864.231 GC heap before
{Heap before GC invocations=58 (full 4):
 garbage-first heap   total 80896K, used 64862K [0x0000000080000000, 0x0000000100000000)
  region size 1024K, 39 young (39936K), 0 survivors (0K)
 Metaspace       used 59510K, capacity 61382K, committed 61872K, reserved 1103872K
  class space    used 7644K, capacity 8315K, committed 8448K, reserved 1048576K
}
Event: 4864.239 GC heap after
{Heap after GC invocations=59 (full 4):
 garbage-first heap   total 80896K, used 27998K [0x0000000080000000, 0x0000000100000000)
  region size 1024K, 2 young (2048K), 2 survivors (2048K)
 Metaspace       used 59510K, capacity 61382K, committed 61872K, reserved 1103872K
  class space    used 7644K, capacity 8315K, committed 8448K, reserved 1048576K
}
Event: 4864.808 GC heap before
{Heap before GC invocations=59 (full 4):
 garbage-first heap   total 80896K, used 64862K [0x0000000080000000, 0x0000000100000000)
  region size 1024K, 39 young (39936K), 2 survivors (2048K)
 Metaspace       used 59540K, capacity 61420K, committed 61872K, reserved 1103872K
  class space    used 7650K, capacity 8349K, committed 8448K, reserved 1048576K
}
Event: 4864.820 GC heap after
{Heap after GC invocations=60 (full 4):
 garbage-first heap   total 80896K, used 28817K [0x0000000080000000, 0x0000000100000000)
  region size 1024K, 3 young (3072K), 3 survivors (3072K)
 Metaspace       used 59540K, capacity 61420K, committed 61872K, reserved 1103872K
  class space    used 7650K, capacity 8349K, committed 8448K, reserved 1048576K
}
Event: 4865.752 GC heap before
{Heap before GC invocations=60 (full 4):
 garbage-first heap   total 80896K, used 66705K [0x0000000080000000, 0x0000000100000000)
  region size 1024K, 40 young (40960K), 3 survivors (3072K)
 Metaspace       used 59540K, capacity 61420K, committed 61872K, reserved 1103872K
  class space    used 7650K, capacity 8349K, committed 8448K, reserved 1048576K
}
Event: 4865.816 GC heap after
{Heap after GC invocations=61 (full 4):
 garbage-first heap   total 80896K, used 29085K [0x0000000080000000, 0x0000000100000000)
  region size 1024K, 2 young (2048K), 2 survivors (2048K)
 Metaspace       used 59540K, capacity 61420K, committed 61872K, reserved 1103872K
  class space    used 7650K, capacity 8349K, committed 8448K, reserved 1048576K
}
Event: 5029.438 GC heap before
{Heap before GC invocations=61 (full 4):
 garbage-first heap   total 80896K, used 65949K [0x0000000080000000, 0x0000000100000000)
  region size 1024K, 38 young (38912K), 2 survivors (2048K)
 Metaspace       used 59708K, capacity 61662K, committed 61872K, reserved 1103872K
  class space    used 7674K, capacity 8376K, committed 8448K, reserved 1048576K
}
Event: 5029.644 GC heap after
{Heap after GC invocations=62 (full 4):
 garbage-first heap   total 80896K, used 31473K [0x0000000080000000, 0x0000000100000000)
  region size 1024K, 4 young (4096K), 4 survivors (4096K)
 Metaspace       used 59708K, capacity 61662K, committed 61872K, reserved 1103872K
  class space    used 7674K, capacity 8376K, committed 8448K, reserved 1048576K
}
Event: 5770.991 GC heap before
{Heap before GC invocations=62 (full 4):
 garbage-first heap   total 80896K, used 65265K [0x0000000080000000, 0x0000000100000000)
  region size 1024K, 38 young (38912K), 4 survivors (4096K)
 Metaspace       used 59708K, capacity 61662K, committed 61872K, reserved 1103872K
  class space    used 7674K, capacity 8376K, committed 8448K, reserved 1048576K
}
Event: 5771.118 GC heap after
{Heap after GC invocations=63 (full 4):
 garbage-first heap   total 80896K, used 32021K [0x0000000080000000, 0x0000000100000000)
  region size 1024K, 1 young (1024K), 1 survivors (1024K)
 Metaspace       used 59708K, capacity 61662K, committed 61872K, reserved 1103872K
  class space    used 7674K, capacity 8376K, committed 8448K, reserved 1048576K
}

Deoptimization events (4 events):
Event: 16.322 Thread 0x0000020bde032800 DEOPT PACKING pc=0x0000020bc6ec9193 sp=0x000000e3499fd0d0
Event: 16.322 Thread 0x0000020bde032800 DEOPT UNPACKING pc=0x0000020bc655993f sp=0x000000e3499fc5d8 mode 3
Event: 165.466 Thread 0x0000020be122f000 DEOPT PACKING pc=0x0000020bc6d28964 sp=0x000000e347bfb7e0
Event: 165.467 Thread 0x0000020be122f000 DEOPT UNPACKING pc=0x0000020bc655993f sp=0x000000e347bfad08 mode 0

Classes unloaded (20 events):
Event: 4861.569 Thread 0x0000020bdd5d8800 Unloading class 0x0000000100809338 'com/sumit/feign/dto/TokenDataDTO'
Event: 4861.570 Thread 0x0000020bdd5d8800 Unloading class 0x0000000100808e28 'com/sun/proxy/$Proxy101'
Event: 4861.570 Thread 0x0000020bdd5d8800 Unloading class 0x0000000100808ac8 'com/sun/proxy/$Proxy100'
Event: 4861.570 Thread 0x0000020bdd5d8800 Unloading class 0x0000000100808880 'com/sumit/feign/ApiManagement1Application$$EnhancerBySpringCGLIB$$7c06b781'
Event: 4861.570 Thread 0x0000020bdd5d8800 Unloading class 0x0000000100808670 'com/sumit/feign/login/Clientlogin'
Event: 4861.570 Thread 0x0000020bdd5d8800 Unloading class 0x0000000100808460 'com/sumit/feign/Util/RegestrationClient'
Event: 4861.570 Thread 0x0000020bdd5d8800 Unloading class 0x0000000100808250 'com/sumit/feign/User/TokenClient'
Event: 4861.570 Thread 0x0000020bdd5d8800 Unloading class 0x0000000100808040 'com/sumit/feign/User/ServiceUser'
Event: 4861.570 Thread 0x0000020bdd5d8800 Unloading class 0x00000001001e7c80 'com/sumit/feign/User/DepositeClient'
Event: 4861.570 Thread 0x0000020bdd5d8800 Unloading class 0x00000001001e7a60 'com/sumit/feign/valedations/valedations'
Event: 4861.570 Thread 0x0000020bdd5d8800 Unloading class 0x00000001001e7840 'com/sumit/feign/valedations/updatevalidations'
Event: 4861.570 Thread 0x0000020bdd5d8800 Unloading class 0x0000000100353488 'com/sumit/feign/valedations/emailvalied'
Event: 4861.570 Thread 0x0000020bdd5d8800 Unloading class 0x0000000100353268 'com/sumit/feign/valedations/Withdrawvalidation'
Event: 4861.570 Thread 0x0000020bdd5d8800 Unloading class 0x0000000100353040 'com/sumit/feign/valedations/Loginvalidate'
Event: 4861.570 Thread 0x0000020bdd5d8800 Unloading class 0x0000000100353cc0 'com/sumit/feign/valedations/DepositeValidation'
Event: 4861.570 Thread 0x0000020bdd5d8800 Unloading class 0x0000000100353a50 'com/sumit/feign/service/Serviceclas'
Event: 4861.570 Thread 0x0000020bdd5d8800 Unloading class 0x0000000100353840 'com/sumit/feign/service/ApiService'
Event: 4861.570 Thread 0x0000020bdd5d8800 Unloading class 0x00000001003544a8 'com/sumit/feign/demoController/feignDemoController'
Event: 4861.570 Thread 0x0000020bdd5d8800 Unloading class 0x0000000100354258 'com/sumit/feign/Token/TokenGeneration'
Event: 4861.570 Thread 0x0000020bdd5d8800 Unloading class 0x0000000100354040 'com/sumit/feign/ApiManagement1Application'

Classes redefined (0 events):
No events

Internal exceptions (20 events):
Event: 4867.684 Thread 0x0000020be122a800 Exception <a 'java/lang/ClassNotFoundException'{0x0000000084721a20}: java/lang/reflect/ProxyCustomizer> (0x0000000084721a20) 
thrown [./open/src/hotspot/share/classfile/systemDictionary.cpp, line 226]
Event: 4867.687 Thread 0x0000020be122a800 Exception <a 'java/lang/ClassNotFoundException'{0x000000008473bd90}: com/sun/proxy/$Proxy123Customizer> (0x000000008473bd90) 
thrown [./open/src/hotspot/share/classfile/systemDictionary.cpp, line 226]
Event: 4867.688 Thread 0x0000020be122a800 Exception <a 'java/lang/ClassNotFoundException'{0x0000000084759a08}: com/sumit/feign/Util/RegestrationClientCustomizer> (0x0000000084759a08) 
thrown [./open/src/hotspot/share/classfile/systemDictionary.cpp, line 226]
Event: 4867.953 Thread 0x0000020be122a800 Exception <a 'java/lang/ClassNotFoundException'{0x00000000846ab9d8}: java/lang/ObjectCustomizer> (0x00000000846ab9d8) 
thrown [./open/src/hotspot/share/classfile/systemDictionary.cpp, line 226]
Event: 4867.954 Thread 0x0000020be122a800 Exception <a 'java/lang/ClassNotFoundException'{0x00000000846b0fb0}: java/lang/reflect/ProxyCustomizer> (0x00000000846b0fb0) 
thrown [./open/src/hotspot/share/classfile/systemDictionary.cpp, line 226]
Event: 4867.960 Thread 0x0000020be122a800 Exception <a 'java/lang/ClassNotFoundException'{0x00000000846cb320}: com/sun/proxy/$Proxy124Customizer> (0x00000000846cb320) 
thrown [./open/src/hotspot/share/classfile/systemDictionary.cpp, line 226]
Event: 4867.986 Thread 0x0000020be122a800 Exception <a 'java/lang/ClassNotFoundException'{0x00000000846e7b40}: com/sumit/feign/login/ClientloginCustomizer> (0x00000000846e7b40) 
thrown [./open/src/hotspot/share/classfile/systemDictionary.cpp, line 226]
Event: 4868.243 Thread 0x0000020be122a800 Exception <a 'java/lang/ClassNotFoundException'{0x000000008443c728}: java/lang/ObjectCustomizer> (0x000000008443c728) 
thrown [./open/src/hotspot/share/classfile/systemDictionary.cpp, line 226]
Event: 4868.244 Thread 0x0000020be122a800 Exception <a 'java/lang/ClassNotFoundException'{0x0000000084441d00}: java/lang/reflect/ProxyCustomizer> (0x0000000084441d00) 
thrown [./open/src/hotspot/share/classfile/systemDictionary.cpp, line 226]
Event: 4868.251 Thread 0x0000020be122a800 Exception <a 'java/lang/ClassNotFoundException'{0x000000008445c070}: com/sun/proxy/$Proxy125Customizer> (0x000000008445c070) 
thrown [./open/src/hotspot/share/classfile/systemDictionary.cpp, line 226]
Event: 4868.266 Thread 0x0000020be122a800 Exception <a 'java/lang/ClassNotFoundException'{0x00000000844782a0}: com/sumit/feign/User/ServiceUserCustomizer> (0x00000000844782a0) 
thrown [./open/src/hotspot/share/classfile/systemDictionary.cpp, line 226]
Event: 4868.869 Thread 0x0000020be122a800 Exception <a 'java/lang/ClassNotFoundException'{0x00000000843d3250}: java/lang/ObjectCustomizer> (0x00000000843d3250) 
thrown [./open/src/hotspot/share/classfile/systemDictionary.cpp, line 226]
Event: 4868.872 Thread 0x0000020be122a800 Exception <a 'java/lang/ClassNotFoundException'{0x00000000843d8828}: java/lang/reflect/ProxyCustomizer> (0x00000000843d8828) 
thrown [./open/src/hotspot/share/classfile/systemDictionary.cpp, line 226]
Event: 4868.886 Thread 0x0000020be122a800 Exception <a 'java/lang/ClassNotFoundException'{0x00000000843f2b98}: com/sun/proxy/$Proxy126Customizer> (0x00000000843f2b98) 
thrown [./open/src/hotspot/share/classfile/systemDictionary.cpp, line 226]
Event: 4868.895 Thread 0x0000020be122a800 Exception <a 'java/lang/ClassNotFoundException'{0x0000000084210788}: com/sumit/feign/User/DepositeClientCustomizer> (0x0000000084210788) 
thrown [./open/src/hotspot/share/classfile/systemDictionary.cpp, line 226]
Event: 4869.425 Thread 0x0000020be122a800 Exception <a 'java/lang/ClassNotFoundException'{0x000000008418d168}: java/lang/ObjectCustomizer> (0x000000008418d168) 
thrown [./open/src/hotspot/share/classfile/systemDictionary.cpp, line 226]
Event: 4869.432 Thread 0x0000020be122a800 Exception <a 'java/lang/ClassNotFoundException'{0x0000000084192f38}: java/lang/reflect/ProxyCustomizer> (0x0000000084192f38) 
thrown [./open/src/hotspot/share/classfile/systemDictionary.cpp, line 226]
Event: 4869.463 Thread 0x0000020be122a800 Exception <a 'java/lang/ClassNotFoundException'{0x00000000841adff0}: com/sun/proxy/$Proxy127Customizer> (0x00000000841adff0) 
thrown [./open/src/hotspot/share/classfile/systemDictionary.cpp, line 226]
Event: 4869.466 Thread 0x0000020be122a800 Exception <a 'java/lang/ClassNotFoundException'{0x00000000841caf70}: com/sumit/feign/User/TokenClientCustomizer> (0x00000000841caf70) 
thrown [./open/src/hotspot/share/classfile/systemDictionary.cpp, line 226]
Event: 6148.135 Thread 0x0000020be122c000 Exception <a 'java/lang/InterruptedException'{0x0000000083c85630}: sleep interrupted> (0x0000000083c85630) 
thrown [./open/src/hotspot/share/prims/jvm.cpp, line 3074]

Events (20 events):
Event: 6148.333 Executing VM operation: HandshakeOneThread
Event: 6148.333 Executing VM operation: HandshakeOneThread done
Event: 6148.333 Executing VM operation: HandshakeOneThread
Event: 6148.333 Executing VM operation: HandshakeOneThread done
Event: 6148.334 Executing VM operation: HandshakeOneThread
Event: 6148.334 Executing VM operation: HandshakeOneThread done
Event: 6148.334 Executing VM operation: HandshakeOneThread
Event: 6148.334 Executing VM operation: HandshakeOneThread done
Event: 6148.334 Executing VM operation: HandshakeOneThread
Event: 6148.334 Executing VM operation: HandshakeOneThread done
Event: 6148.336 Executing VM operation: BulkRevokeBias
Event: 6148.337 Executing VM operation: BulkRevokeBias done
Event: 6148.337 Executing VM operation: BulkRevokeBias
Event: 6148.337 Executing VM operation: BulkRevokeBias done
Event: 6148.338 Executing VM operation: BulkRevokeBias
Event: 6148.338 Executing VM operation: BulkRevokeBias done
Event: 6148.340 Executing VM operation: HandshakeOneThread
Event: 6148.340 Executing VM operation: HandshakeOneThread done
Event: 6148.340 Thread 0x0000020be1231000 Thread exited: 0x0000020be1231000
Event: 6148.355 Executing VM operation: G1CollectFull


Dynamic libraries:
0x00007ff727220000 - 0x00007ff72722d000 	C:\Users\natraj\Documents\sts2\Sts-lastProject\sts-4.8.0.RELEASE\plugins\org.eclipse.justj.openjdk.hotspot.jre.full.win32.x86_64_14.0.2.v20200815-0932\jre\bin\javaw.exe
0x00007ffc6afd0000 - 0x00007ffc6b1b1000 	C:\WINDOWS\SYSTEM32\ntdll.dll
0x00007ffc67cd0000 - 0x00007ffc67d82000 	C:\WINDOWS\System32\KERNEL32.DLL
0x00007ffc67430000 - 0x00007ffc676a3000 	C:\WINDOWS\System32\KERNELBASE.dll
0x00007ffc678a0000 - 0x00007ffc6799a000 	C:\WINDOWS\System32\ucrtbase.dll
0x00007ffc33f10000 - 0x00007ffc33f28000 	C:\Users\natraj\Documents\sts2\Sts-lastProject\sts-4.8.0.RELEASE\plugins\org.eclipse.justj.openjdk.hotspot.jre.full.win32.x86_64_14.0.2.v20200815-0932\jre\bin\jli.dll
0x00007ffc33ef0000 - 0x00007ffc33f05000 	C:\Users\natraj\Documents\sts2\Sts-lastProject\sts-4.8.0.RELEASE\plugins\org.eclipse.justj.openjdk.hotspot.jre.full.win32.x86_64_14.0.2.v20200815-0932\jre\bin\VCRUNTIME140.dll
0x00007ffc6ad40000 - 0x00007ffc6aed0000 	C:\WINDOWS\System32\USER32.dll
0x00007ffc66bb0000 - 0x00007ffc66bd0000 	C:\WINDOWS\System32\win32u.dll
0x00007ffc6a160000 - 0x00007ffc6a188000 	C:\WINDOWS\System32\GDI32.dll
0x00007ffc67a50000 - 0x00007ffc67be2000 	C:\WINDOWS\System32\gdi32full.dll
0x00007ffc67340000 - 0x00007ffc673df000 	C:\WINDOWS\System32\msvcp_win.dll
0x00007ffc5d200000 - 0x00007ffc5d469000 	C:\WINDOWS\WinSxS\amd64_microsoft.windows.common-controls_6595b64144ccf1df_6.0.17134.112_none_fb3f961b30681c12\COMCTL32.dll
0x00007ffc67da0000 - 0x00007ffc67e3e000 	C:\WINDOWS\System32\msvcrt.dll
0x00007ffc680d0000 - 0x00007ffc683f3000 	C:\WINDOWS\System32\combase.dll
0x00007ffc6ac10000 - 0x00007ffc6ad34000 	C:\WINDOWS\System32\RPCRT4.dll
0x00007ffc67bf0000 - 0x00007ffc67c6a000 	C:\WINDOWS\System32\bcryptPrimitives.dll
0x00007ffc6a4e0000 - 0x00007ffc6a50d000 	C:\WINDOWS\System32\IMM32.DLL
0x00007ffc33820000 - 0x00007ffc338bb000 	C:\Users\natraj\Documents\sts2\Sts-lastProject\sts-4.8.0.RELEASE\plugins\org.eclipse.justj.openjdk.hotspot.jre.full.win32.x86_64_14.0.2.v20200815-0932\jre\bin\msvcp140.dll
0x00007ffc26000000 - 0x00007ffc26b1e000 	C:\Users\natraj\Documents\sts2\Sts-lastProject\sts-4.8.0.RELEASE\plugins\org.eclipse.justj.openjdk.hotspot.jre.full.win32.x86_64_14.0.2.v20200815-0932\jre\bin\server\jvm.dll
0x00007ffc69ba0000 - 0x00007ffc69c41000 	C:\WINDOWS\System32\ADVAPI32.dll
0x00007ffc69b40000 - 0x00007ffc69b9b000 	C:\WINDOWS\System32\sechost.dll
0x00007ffc67d90000 - 0x00007ffc67d98000 	C:\WINDOWS\System32\PSAPI.DLL
0x00007ffc63a10000 - 0x00007ffc63a33000 	C:\WINDOWS\SYSTEM32\WINMM.dll
0x00007ffc5a160000 - 0x00007ffc5a169000 	C:\WINDOWS\SYSTEM32\WSOCK32.dll
0x00007ffc60fa0000 - 0x00007ffc60faa000 	C:\WINDOWS\SYSTEM32\VERSION.dll
0x00007ffc63990000 - 0x00007ffc639ba000 	C:\WINDOWS\SYSTEM32\winmmbase.dll
0x00007ffc69950000 - 0x00007ffc699bc000 	C:\WINDOWS\System32\WS2_32.dll
0x00007ffc673e0000 - 0x00007ffc67429000 	C:\WINDOWS\System32\cfgmgr32.dll
0x00007ffc66b90000 - 0x00007ffc66ba1000 	C:\WINDOWS\System32\kernel.appcore.dll
0x00007ffc3e670000 - 0x00007ffc3e67a000 	C:\Users\natraj\Documents\sts2\Sts-lastProject\sts-4.8.0.RELEASE\plugins\org.eclipse.justj.openjdk.hotspot.jre.full.win32.x86_64_14.0.2.v20200815-0932\jre\bin\jimage.dll
0x00007ffc5a710000 - 0x00007ffc5a8d9000 	C:\WINDOWS\SYSTEM32\DBGHELP.DLL
0x00007ffc5a350000 - 0x00007ffc5a379000 	C:\WINDOWS\SYSTEM32\dbgcore.DLL
0x00007ffc36000000 - 0x00007ffc36025000 	C:\Users\natraj\Documents\sts2\Sts-lastProject\sts-4.8.0.RELEASE\plugins\org.eclipse.justj.openjdk.hotspot.jre.full.win32.x86_64_14.0.2.v20200815-0932\jre\bin\java.dll
0x00007ffc3a890000 - 0x00007ffc3a8a6000 	C:\Users\natraj\Documents\sts2\Sts-lastProject\sts-4.8.0.RELEASE\plugins\org.eclipse.justj.openjdk.hotspot.jre.full.win32.x86_64_14.0.2.v20200815-0932\jre\bin\zip.dll
0x00007ffc68410000 - 0x00007ffc69850000 	C:\WINDOWS\System32\SHELL32.dll
0x00007ffc68010000 - 0x00007ffc680b9000 	C:\WINDOWS\System32\shcore.dll
0x00007ffc66bd0000 - 0x00007ffc672dd000 	C:\WINDOWS\System32\windows.storage.dll
0x00007ffc69fa0000 - 0x00007ffc69ff1000 	C:\WINDOWS\System32\shlwapi.dll
0x00007ffc66b70000 - 0x00007ffc66b8f000 	C:\WINDOWS\System32\profapi.dll
0x00007ffc66af0000 - 0x00007ffc66b3c000 	C:\WINDOWS\System32\powrprof.dll
0x00007ffc66b60000 - 0x00007ffc66b6a000 	C:\WINDOWS\System32\FLTLIB.DLL
0x00007ffc39500000 - 0x00007ffc39519000 	C:\Users\natraj\Documents\sts2\Sts-lastProject\sts-4.8.0.RELEASE\plugins\org.eclipse.justj.openjdk.hotspot.jre.full.win32.x86_64_14.0.2.v20200815-0932\jre\bin\net.dll
0x00007ffc5d920000 - 0x00007ffc5d9fd000 	C:\WINDOWS\SYSTEM32\WINHTTP.dll
0x00007ffc66310000 - 0x00007ffc66376000 	C:\WINDOWS\system32\mswsock.dll
0x00007ffc37d00000 - 0x00007ffc37d12000 	C:\Users\natraj\Documents\sts2\Sts-lastProject\sts-4.8.0.RELEASE\plugins\org.eclipse.justj.openjdk.hotspot.jre.full.win32.x86_64_14.0.2.v20200815-0932\jre\bin\nio.dll
0x00007ffc3d310000 - 0x00007ffc3d319000 	C:\Users\natraj\Documents\sts2\Sts-lastProject\sts-4.8.0.RELEASE\plugins\org.eclipse.justj.openjdk.hotspot.jre.full.win32.x86_64_14.0.2.v20200815-0932\jre\bin\management.dll
0x00007ffc3cba0000 - 0x00007ffc3cbab000 	C:\Users\natraj\Documents\sts2\Sts-lastProject\sts-4.8.0.RELEASE\plugins\org.eclipse.justj.openjdk.hotspot.jre.full.win32.x86_64_14.0.2.v20200815-0932\jre\bin\management_ext.dll
0x00007ffc46b10000 - 0x00007ffc46b26000 	C:\WINDOWS\system32\napinsp.dll
0x00007ffc46af0000 - 0x00007ffc46b0a000 	C:\WINDOWS\system32\pnrpnsp.dll
0x00007ffc63440000 - 0x00007ffc63459000 	C:\WINDOWS\system32\NLAapi.dll
0x00007ffc660d0000 - 0x00007ffc6618e000 	C:\WINDOWS\SYSTEM32\DNSAPI.dll
0x00007ffc680c0000 - 0x00007ffc680c8000 	C:\WINDOWS\System32\NSI.dll
0x00007ffc66090000 - 0x00007ffc660c8000 	C:\WINDOWS\SYSTEM32\IPHLPAPI.DLL
0x00007ffc4dfe0000 - 0x00007ffc4dfee000 	C:\WINDOWS\System32\winrnr.dll
0x00007ffc5d1f0000 - 0x00007ffc5d1fa000 	C:\Windows\System32\rasadhlp.dll
0x00007ffc5d8a0000 - 0x00007ffc5d912000 	C:\WINDOWS\System32\fwpuclnt.dll
0x00007ffc665f0000 - 0x00007ffc66615000 	C:\WINDOWS\SYSTEM32\bcrypt.dll
0x00007ffc664c0000 - 0x00007ffc664d7000 	C:\WINDOWS\SYSTEM32\CRYPTSP.dll
0x00007ffc65ef0000 - 0x00007ffc65f23000 	C:\WINDOWS\system32\rsaenh.dll
0x00007ffc669f0000 - 0x00007ffc66a18000 	C:\WINDOWS\SYSTEM32\USERENV.dll
0x00007ffc664e0000 - 0x00007ffc664eb000 	C:\WINDOWS\SYSTEM32\CRYPTBASE.dll
0x00007ffc5ec80000 - 0x00007ffc5ec96000 	C:\WINDOWS\SYSTEM32\dhcpcsvc6.DLL
0x00007ffc608b0000 - 0x00007ffc608ca000 	C:\WINDOWS\SYSTEM32\dhcpcsvc.DLL
0x00007ffc35fa0000 - 0x00007ffc35fc5000 	C:\Users\natraj\Documents\sts2\Sts-lastProject\sts-4.8.0.RELEASE\plugins\org.eclipse.justj.openjdk.hotspot.jre.full.win32.x86_64_14.0.2.v20200815-0932\jre\bin\sunec.dll
0x00007ffc3d030000 - 0x00007ffc3d03e000 	C:\Users\natraj\Documents\sts2\Sts-lastProject\sts-4.8.0.RELEASE\plugins\org.eclipse.justj.openjdk.hotspot.jre.full.win32.x86_64_14.0.2.v20200815-0932\jre\bin\sunmscapi.dll
0x00007ffc676b0000 - 0x00007ffc67892000 	C:\WINDOWS\System32\CRYPT32.dll
0x00007ffc66b40000 - 0x00007ffc66b52000 	C:\WINDOWS\System32\MSASN1.dll
0x00007ffc665c0000 - 0x00007ffc665e6000 	C:\WINDOWS\SYSTEM32\ncrypt.dll
0x00007ffc66580000 - 0x00007ffc665b6000 	C:\WINDOWS\SYSTEM32\NTASN1.dll

dbghelp: loaded successfully - version: 4.0.5 - missing functions: none
symbol engine: initialized successfully - sym options: 0x614 - pdb path: .;C:\Users\natraj\Documents\sts2\Sts-lastProject\sts-4.8.0.RELEASE\plugins\org.eclipse.justj.openjdk.hotspot.jre.full.win32.x86_64_14.0.2.v20200815-0932\jre\bin;C:\WINDOWS\SYSTEM32;C:\WINDOWS\WinSxS\amd64_microsoft.windows.common-controls_6595b64144ccf1df_6.0.17134.112_none_fb3f961b30681c12;C:\Users\natraj\Documents\sts2\Sts-lastProject\sts-4.8.0.RELEASE\plugins\org.eclipse.justj.openjdk.hotspot.jre.full.win32.x86_64_14.0.2.v20200815-0932\jre\bin\server

VM Arguments:
jvm_args: -Dcom.sun.management.jmxremote -Dcom.sun.management.jmxremote.port=51655 -Dcom.sun.management.jmxremote.authenticate=false -Dcom.sun.management.jmxremote.ssl=false -Djava.rmi.server.hostname=localhost -Dspring.jmx.enabled=true -Dspring.application.admin.enabled=true -Xverify:none -XX:TieredStopAtLevel=1 -Dspring.boot.project.name=ApiManagement13 -Dfile.encoding=UTF-8 -XX:+ShowCodeDetailsInExceptionMessages 
java_command: com.sumit.feign.ApiManagement1Application --spring.output.ansi.enabled=always
java_class_path (initial): C:\Users\natraj\Documents\sts2\Sts-lastProject\Sts workspace for project\ApiManagement13\target\classes;C:\Users\natraj\.m2\repository\org\springframework\boot\spring-boot-starter-web\2.5.6\spring-boot-starter-web-2.5.6.jar;C:\Users\natraj\.m2\repository\org\springframework\boot\spring-boot-starter\2.5.6\spring-boot-starter-2.5.6.jar;C:\Users\natraj\.m2\repository\org\springframework\boot\spring-boot-starter-logging\2.5.6\spring-boot-starter-logging-2.5.6.jar;C:\Users\natraj\.m2\repository\ch\qos\logback\logback-classic\1.2.6\logback-classic-1.2.6.jar;C:\Users\natraj\.m2\repository\ch\qos\logback\logback-core\1.2.6\logback-core-1.2.6.jar;C:\Users\natraj\.m2\repository\org\apache\logging\log4j\log4j-to-slf4j\2.14.1\log4j-to-slf4j-2.14.1.jar;C:\Users\natraj\.m2\repository\org\apache\logging\log4j\log4j-api\2.14.1\log4j-api-2.14.1.jar;C:\Users\natraj\.m2\repository\org\slf4j\jul-to-slf4j\1.7.32\jul-to-slf4j-1.7.32.jar;C:\Users\natraj\.m2\repository\jakarta\annotation\jakarta.annotation-api\1.3.5\jakarta.annotation-api-1.3.5.jar;C:\Users\natraj\.m2\repository\org\yaml\snakeyaml\1.28\snakeyaml-1.28.jar;C:\Users\natraj\.m2\repository\org\springframework\boot\spring-boot-starter-json\2.5.6\spring-boot-starter-json-2.5.6.jar;C:\Users\natraj\.m2\repository\com\fasterxml\jackson\datatype\jackson-datatype-jdk8\2.12.5\jackson-datatype-jdk8-2.12.5.jar;C:\Users\natraj\.m2\repository\com\fasterxml\jackson\datatype\jackson-datatype-jsr310\2.12.5\jackson-datatype-jsr310-2.12.5.jar;C:\Users\natraj\.m2\repository\com\fasterxml\jackson\module\jackson-module-parameter-names\2.12.5\jackson-module-parameter-names-2.12.5.jar;C:\Users\natraj\.m2\repository\org\springframework\boot\spring-boot-starter-tomcat\2.5.6\spring-boot-starter-tomcat-2.5.6.jar;C:\Users\natraj\.m2\repository\org\apache\tomcat\embed\tomcat-embed-core\9.0.54\tomcat-embed-core-9.0.54.jar;C:\Users\natraj\.m2\repository\org\apache\tomcat\embed\tomcat-embed-websocket\9.0.54\tomcat-embed-websocket
Launcher Type: SUN_STANDARD

[Global flags]
     intx CICompilerCount                          = 3                                         {product} {ergonomic}
     uint ConcGCThreads                            = 1                                         {product} {ergonomic}
     uint G1ConcRefinementThreads                  = 4                                         {product} {ergonomic}
   size_t G1HeapRegionSize                         = 1048576                                   {product} {ergonomic}
    uintx GCDrainStackTargetSize                   = 64                                        {product} {ergonomic}
   size_t InitialHeapSize                          = 134217728                                 {product} {ergonomic}
     bool ManagementServer                         = true                                      {product} {command line}
   size_t MarkStackSize                            = 4194304                                   {product} {ergonomic}
   size_t MaxHeapSize                              = 2147483648                                {product} {ergonomic}
   size_t MaxNewSize                               = 1287651328                                {product} {ergonomic}
   size_t MinHeapDeltaBytes                        = 1048576                                   {product} {ergonomic}
   size_t MinHeapSize                              = 8388608                                   {product} {ergonomic}
    uintx NonNMethodCodeHeapSize                   = 6973028                                {pd product} {ergonomic}
    uintx NonProfiledCodeHeapSize                  = 244685212                              {pd product} {ergonomic}
    uintx ProfiledCodeHeapSize                     = 0                                      {pd product} {ergonomic}
    uintx ReservedCodeCacheSize                    = 251658240                              {pd product} {ergonomic}
     bool SegmentedCodeCache                       = true                                      {product} {ergonomic}
     bool ShowCodeDetailsInExceptionMessages       = true                                   {manageable} {command line}
   size_t SoftMaxHeapSize                          = 2147483648                             {manageable} {ergonomic}
     intx TieredStopAtLevel                        = 1                                         {product} {command line}
     bool UseCompressedClassPointers               = true                                 {lp64_product} {ergonomic}
     bool UseCompressedOops                        = true                                 {lp64_product} {ergonomic}
     bool UseG1GC                                  = true                                      {product} {ergonomic}
     bool UseLargePagesIndividualAllocation        = false                                  {pd product} {ergonomic}

Logging:
Log output configuration:
 #0: stdout all=warning uptime,level,tags
 #1: stderr all=off uptime,level,tags

Environment Variables:
JAVA_HOME=C:\Program Files\Java\jre1.8.0_202
PATH=C:/Users/natraj/Documents/sts2/Sts-lastProject/sts-4.8.0.RELEASE//plugins/org.eclipse.justj.openjdk.hotspot.jre.full.win32.x86_64_14.0.2.v20200815-0932/jre/bin/server;C:/Users/natraj/Documents/sts2/Sts-lastProject/sts-4.8.0.RELEASE//plugins/org.eclipse.justj.openjdk.hotspot.jre.full.win32.x86_64_14.0.2.v20200815-0932/jre/bin;C:\Program Files\nodejs\node_modules\npm;C:\Program Files\nodejs\;C:\Program Files\Java\jre1.8.0_202\bin;C:\Users\natraj\AppData\Local\Microsoft\WindowsApps;C:\Program Files\Java\jre1.8.0_202\bin;;C:\Users\natraj\Documents\sts2\Sts-lastProject\sts-4.8.0.RELEASE;
USERNAME=natraj
OS=Windows_NT
PROCESSOR_IDENTIFIER=Intel64 Family 6 Model 44 Stepping 2, GenuineIntel



---------------  S Y S T E M  ---------------

OS: Windows 10 , 64 bit Build 17134 (10.0.17134.1)
OS uptime: 51 days 11:43 hours

CPU:total 4 (initial active 4) (4 cores per cpu, 1 threads per core) family 6 model 44 stepping 2, cmov, cx8, fxsr, mmx, sse, sse2, sse3, ssse3, sse4.1, sse4.2, popcnt, aes, clmul, tsc, tscinvbit, tscinv

Memory: 4k page, system-wide physical 8191M (126M free)
TotalPageFile size 12287M (AvailPageFile size 3M)
current process WorkingSet (physical memory assigned to process): 77M, peak: 198M
current process commit charge ("private bytes"): 246M, peak: 255M

vm_info: OpenJDK 64-Bit Server VM (14.0.2+12-46) for windows-amd64 JRE (14.0.2+12-46), built on Jul  9 2020 00:31:16 by "mach5one" with MS VC++ 15.9 (VS2017)

END.
