#
# There is insufficient memory for the Java Runtime Environment to continue.
# Native memory allocation (malloc) failed to allocate 1048576 bytes for AllocateHeap
# Possible reasons:
#   The system is out of physical RAM or swap space
#   The process is running with CompressedOops enabled, and the Java Heap may be blocking the growth of the native heap
# Possible solutions:
#   Reduce memory load on the system
#   Increase physical memory or swap space
#   Check if swap backing store is full
#   Decrease Java heap size (-Xmx/-Xms)
#   Decrease number of Java threads
#   Decrease Java thread stack sizes (-Xss)
#   Set larger code cache with -XX:ReservedCodeCacheSize=
#   JVM is running with Unscaled Compressed Oops mode in which the Java heap is
#     placed in the first 4GB address space. The Java Heap base address is the
#     maximum limit for the native heap growth. Please use -XX:HeapBaseMinAddress
#     to set the Java Heap base and to place the Java Heap above 4GB virtual address.
# This output file may be truncated or incomplete.
#
#  Out of Memory Error (./open/src/hotspot/share/memory/allocation.cpp:44), pid=9292, tid=2084
#
# JRE version: OpenJDK Runtime Environment (14.0.2+12) (build 14.0.2+12-46)
# Java VM: OpenJDK 64-Bit Server VM (14.0.2+12-46, mixed mode, tiered, compressed oops, g1 gc, windows-amd64)
# No core dump will be written. Minidumps are not enabled by default on client versions of Windows
#

---------------  S U M M A R Y ------------

Command Line: -Dcom.sun.management.jmxremote -Dcom.sun.management.jmxremote.port=54569 -Dcom.sun.management.jmxremote.authenticate=false -Dcom.sun.management.jmxremote.ssl=false -Djava.rmi.server.hostname=localhost -Dspring.jmx.enabled=true -Dspring.application.admin.enabled=true -Xverify:none -XX:TieredStopAtLevel=1 -Dspring.boot.project.name=ApiManagement13 -Dfile.encoding=UTF-8 -XX:+ShowCodeDetailsInExceptionMessages com.sumit.feign.ApiManagement1Application --spring.output.ansi.enabled=always

Host: Intel(R) Xeon(R) CPU           E5645  @ 2.40GHz, 4 cores, 7G,  Windows 10 , 64 bit Build 17134 (10.0.17134.1)
Time: Wed Nov 24 15:48:03 2021 India Standard Time elapsed time: 317 seconds (0d 0h 5m 17s)

---------------  T H R E A D  ---------------

Current thread (0x0000018c72512800):  VMThread "VM Thread" [stack: 0x0000003753000000,0x0000003753100000] [id=2084]

Stack: [0x0000003753000000,0x0000003753100000]
[error occurred during error reporting (printing stack bounds), id 0xc0000005, EXCEPTION_ACCESS_VIOLATION (0xc0000005) at pc=0x0000018c5bbe10bd]

Native frames: (J=compiled Java code, j=interpreted, Vv=VM code, C=native code)
V  [jvm.dll+0x5f8a9a]
V  [jvm.dll+0x74247a]
V  [jvm.dll+0x743c2f]
V  [jvm.dll+0x7441d5]
V  [jvm.dll+0x74418b]
V  [jvm.dll+0x5f7f6f]
V  [jvm.dll+0x5f8738]
C  [ntdll.dll+0x9eced]
C  [ntdll.dll+0x6c86]
C  [ntdll.dll+0x9dc1e]
C  0x0000018c5bbe10bd

VM_Operation (0x00000037554fa820): CollectForMetadataAllocation, mode: safepoint, requested by thread 0x0000018c74adc000


---------------  P R O C E S S  ---------------

Threads class SMR info:
_java_thread_list=0x0000018c74a523a0, length=34, elements={
0x0000018c72526800, 0x0000018c72529000, 0x0000018c72546000, 0x0000018c72547800,
0x0000018c72549800, 0x0000018c7253d000, 0x0000018c725ab000, 0x0000018c72658800,
0x0000018c72752000, 0x0000018c72e2f800, 0x0000018c72e53800, 0x0000018c72e57800,
0x0000018c73d3a800, 0x0000018c73d64000, 0x0000018c72eff000, 0x0000018c72efe000,
0x0000018c72efd800, 0x0000018c74ace800, 0x0000018c74ad1800, 0x0000018c74ad0000,
0x0000018c74ad5000, 0x0000018c74acf000, 0x0000018c74ad3000, 0x0000018c74ad5800,
0x0000018c74ad0800, 0x0000018c74ad7800, 0x0000018c74ad2800, 0x0000018c74ad4000,
0x0000018c74ada800, 0x0000018c74ad6800, 0x0000018c74ad9000, 0x0000018c74adb800,
0x0000018c74ad8000, 0x0000018c74adc000
}

Java Threads: ( => current thread )
  0x0000018c72526800 JavaThread "Reference Handler" daemon [_thread_blocked, id=3380, stack(0x0000003753100000,0x0000003753200000)]
  0x0000018c72529000 JavaThread "Finalizer" daemon [_thread_blocked, id=16356, stack(0x0000003753200000,0x0000003753300000)]
  0x0000018c72546000 JavaThread "Signal Dispatcher" daemon [_thread_blocked, id=2472, stack(0x0000003753300000,0x0000003753400000)]
  0x0000018c72547800 JavaThread "Attach Listener" daemon [_thread_blocked, id=7488, stack(0x0000003753400000,0x0000003753500000)]
  0x0000018c72549800 JavaThread "Service Thread" daemon [_thread_blocked, id=13140, stack(0x0000003753500000,0x0000003753600000)]
  0x0000018c7253d000 JavaThread "C1 CompilerThread0" daemon [_thread_blocked, id=16616, stack(0x0000003753600000,0x0000003753700000)]
  0x0000018c725ab000 JavaThread "Sweeper thread" daemon [_thread_blocked, id=7828, stack(0x0000003753700000,0x0000003753800000)]
  0x0000018c72658800 JavaThread "Common-Cleaner" daemon [_thread_blocked, id=14324, stack(0x0000003753800000,0x0000003753900000)]
  0x0000018c72752000 JavaThread "Notification Thread" daemon [_thread_blocked, id=5444, stack(0x0000003753900000,0x0000003753a00000)]
  0x0000018c72e2f800 JavaThread "RMI TCP Accept-0" daemon [_thread_in_native, id=6784, stack(0x0000003753c00000,0x0000003753d00000)]
  0x0000018c72e53800 JavaThread "RMI TCP Accept-54569" daemon [_thread_in_native, id=8096, stack(0x0000003753d00000,0x0000003753e00000)]
  0x0000018c72e57800 JavaThread "RMI TCP Accept-0" daemon [_thread_in_native, id=16308, stack(0x0000003753e00000,0x0000003753f00000)]
  0x0000018c73d3a800 JavaThread "RMI Scheduler(0)" daemon [_thread_blocked, id=8060, stack(0x0000003754100000,0x0000003754200000)]
  0x0000018c73d64000 JavaThread "JMX server connection timeout 20" daemon [_thread_blocked, id=16944, stack(0x0000003754300000,0x0000003754400000)]
  0x0000018c72eff000 JavaThread "Catalina-utility-1" [_thread_blocked, id=11844, stack(0x0000003754600000,0x0000003754700000)]
  0x0000018c72efe000 JavaThread "Catalina-utility-2" [_thread_blocked, id=1972, stack(0x0000003754800000,0x0000003754900000)]
  0x0000018c72efd800 JavaThread "container-0" [_thread_blocked, id=11208, stack(0x0000003754900000,0x0000003754a00000)]
  0x0000018c74ace800 JavaThread "mysql-cj-abandoned-connection-cleanup" daemon [_thread_blocked, id=12580, stack(0x0000003754a00000,0x0000003754b00000)]
  0x0000018c74ad1800 JavaThread "HikariPool-1 housekeeper" daemon [_thread_blocked, id=16492, stack(0x0000003754c00000,0x0000003754d00000)]
  0x0000018c74ad0000 JavaThread "Live Reload Server" daemon [_thread_in_native, id=7504, stack(0x0000003754f00000,0x0000003755000000)]
  0x0000018c74ad5000 JavaThread "File Watcher" daemon [_thread_blocked, id=8504, stack(0x0000003754e00000,0x0000003754f00000)]
  0x0000018c74acf000 JavaThread "spring.cloud.inetutils" daemon [_thread_blocked, id=13132, stack(0x0000003755000000,0x0000003755100000)]
  0x0000018c74ad3000 JavaThread "http-nio-8084-Poller" daemon [_thread_in_native, id=10216, stack(0x0000003755100000,0x0000003755200000)]
  0x0000018c74ad5800 JavaThread "http-nio-8084-Acceptor" daemon [_thread_in_native, id=16228, stack(0x0000003755200000,0x0000003755300000)]
  0x0000018c74ad0800 JavaThread "DestroyJavaVM" [_thread_blocked, id=14140, stack(0x0000003752a00000,0x0000003752b00000)]
  0x0000018c74ad7800 JavaThread "RMI TCP Connection(12)-127.0.0.1" daemon [_thread_in_native, id=3804, stack(0x0000003754400000,0x0000003754500000)]
  0x0000018c74ad2800 JavaThread "http-nio-8084-exec-1" daemon [_thread_blocked, id=10440, stack(0x0000003752700000,0x0000003752800000)]
  0x0000018c74ad4000 JavaThread "http-nio-8084-exec-2" daemon [_thread_blocked, id=16480, stack(0x0000003752900000,0x0000003752a00000)]
  0x0000018c74ada800 JavaThread "http-nio-8084-exec-3" daemon [_thread_blocked, id=16928, stack(0x0000003752800000,0x0000003752900000)]
  0x0000018c74ad6800 JavaThread "Keep-Alive-Timer" daemon [_thread_blocked, id=7232, stack(0x0000003754000000,0x0000003754100000)]
  0x0000018c74ad9000 JavaThread "http-nio-8084-exec-4" daemon [_thread_blocked, id=12840, stack(0x0000003754200000,0x0000003754300000)]
  0x0000018c74adb800 JavaThread "http-nio-8084-exec-5" daemon [_thread_blocked, id=12648, stack(0x0000003754500000,0x0000003754600000)]
  0x0000018c74ad8000 JavaThread "http-nio-8084-exec-6" daemon [_thread_blocked, id=11772, stack(0x0000003755300000,0x0000003755400000)]
  0x0000018c74adc000 JavaThread "http-nio-8084-exec-7" daemon [_thread_blocked, id=2848, stack(0x0000003755400000,0x0000003755500000)]

Other Threads:
=>0x0000018c72512800 VMThread "VM Thread" [stack: 0x0000003753000000,0x0000003753100000] [id=2084]
  0x0000018c72e72800 WatcherThread [stack: 0x0000003753f00000,0x0000003754000000] [id=6392]
  0x0000018c57f71800 GCTaskThread "GC Thread#0" [stack: 0x0000003752b00000,0x0000003752c00000] [id=16972]
  0x0000018c72cf6800 GCTaskThread "GC Thread#1" [stack: 0x0000003753a00000,0x0000003753b00000] [id=15368]
  0x0000018c72cf7000 GCTaskThread "GC Thread#2" [stack: 0x0000003753b00000,0x0000003753c00000] [id=15408]
  0x0000018c73f38800 GCTaskThread "GC Thread#3" [stack: 0x0000003754700000,0x0000003754800000] [id=5352]
  0x0000018c57f83800 ConcurrentGCThread "G1 Main Marker" [stack: 0x0000003752c00000,0x0000003752d00000] [id=13488]
  0x0000018c57f84800 ConcurrentGCThread "G1 Conc#0" [stack: 0x0000003752d00000,0x0000003752e00000] [id=11568]
  0x0000018c71b34800 ConcurrentGCThread "G1 Refine#0" [stack: 0x0000003752e00000,0x0000003752f00000] [id=9668]
  0x0000018c71b37800 ConcurrentGCThread "G1 Young RemSet Sampling" [stack: 0x0000003752f00000,0x0000003753000000] [id=6680]

Threads with active compile tasks:
C1 CompilerThread0   317987 5608   !   1       java.util.jar.JarVerifier::processEntry (425 bytes)

VM state:at safepoint (normal execution)

VM Mutex/Monitor currently owned by a thread:  ([mutex/lock_event])
[0x0000018c57f28bb0] Threads_lock - owner thread: 0x0000018c72512800
[0x0000018c57f28a90] Heap_lock - owner thread: 0x0000018c74adc000

Heap address: 0x0000000080000000, size: 2048 MB, Compressed Oops mode: 32-bit
Narrow klass base: 0x0000000000000000, Narrow klass shift: 3
Compressed class space size: 1073741824 Address: 0x0000000100000000

Heap:
 garbage-first heap   total 106496K, used 36452K [0x0000000080000000, 0x0000000100000000)
  region size 1024K, 3 young (3072K), 3 survivors (3072K)
 Metaspace       used 67441K, capacity 69290K, committed 69328K, reserved 1118208K
  class space    used 8858K, capacity 9585K, committed 9600K, reserved 1048576K
Heap Regions: E=young(eden), S=young(survivor), O=old, HS=humongous(starts), HC=humongous(continues), CS=collection set, F=free, OA=open archive, CA=closed archive, TAMS=top-at-mark-start (previous, next)
|   0|0x0000000080000000, 0x0000000080100000, 0x0000000080100000|100%| O|  |TAMS 0x0000000080100000, 0x0000000080100000| Untracked 
|   1|0x0000000080100000, 0x0000000080200000, 0x0000000080200000|100%|HS|  |TAMS 0x0000000080200000, 0x0000000080200000| Complete 
|   2|0x0000000080200000, 0x0000000080300000, 0x0000000080300000|100%| O|  |TAMS 0x0000000080300000, 0x0000000080300000| Untracked 
|   3|0x0000000080300000, 0x0000000080400000, 0x0000000080400000|100%| O|  |TAMS 0x0000000080400000, 0x0000000080400000| Untracked 
|   4|0x0000000080400000, 0x0000000080500000, 0x0000000080500000|100%| O|  |TAMS 0x0000000080500000, 0x0000000080500000| Untracked 
|   5|0x0000000080500000, 0x0000000080600000, 0x0000000080600000|100%| O|  |TAMS 0x0000000080600000, 0x0000000080600000| Untracked 
|   6|0x0000000080600000, 0x0000000080700000, 0x0000000080700000|100%| O|  |TAMS 0x0000000080700000, 0x0000000080700000| Untracked 
|   7|0x0000000080700000, 0x0000000080800000, 0x0000000080800000|100%| O|  |TAMS 0x0000000080800000, 0x0000000080800000| Untracked 
|   8|0x0000000080800000, 0x00000000808a0e00, 0x0000000080900000| 62%| O|  |TAMS 0x00000000808a0e00, 0x00000000808a0e00| Untracked 
|   9|0x0000000080900000, 0x0000000080a00000, 0x0000000080a00000|100%| O|  |TAMS 0x0000000080a00000, 0x0000000080a00000| Untracked 
|  10|0x0000000080a00000, 0x0000000080b00000, 0x0000000080b00000|100%| O|  |TAMS 0x0000000080b00000, 0x0000000080b00000| Untracked 
|  11|0x0000000080b00000, 0x0000000080c00000, 0x0000000080c00000|100%| O|  |TAMS 0x0000000080c00000, 0x0000000080c00000| Untracked 
|  12|0x0000000080c00000, 0x0000000080d00000, 0x0000000080d00000|100%| O|  |TAMS 0x0000000080d00000, 0x0000000080d00000| Untracked 
|  13|0x0000000080d00000, 0x0000000080e00000, 0x0000000080e00000|100%| O|  |TAMS 0x0000000080e00000, 0x0000000080e00000| Untracked 
|  14|0x0000000080e00000, 0x0000000080f00000, 0x0000000080f00000|100%| O|  |TAMS 0x0000000080f00000, 0x0000000080f00000| Untracked 
|  15|0x0000000080f00000, 0x0000000081000000, 0x0000000081000000|100%| O|  |TAMS 0x0000000081000000, 0x0000000081000000| Untracked 
|  16|0x0000000081000000, 0x0000000081100000, 0x0000000081100000|100%| O|  |TAMS 0x0000000081100000, 0x0000000081100000| Untracked 
|  17|0x0000000081100000, 0x0000000081200000, 0x0000000081200000|100%| O|  |TAMS 0x000000008117c800, 0x0000000081200000| Untracked 
|  18|0x0000000081200000, 0x0000000081300000, 0x0000000081300000|100%| O|  |TAMS 0x0000000081200000, 0x0000000081300000| Untracked 
|  19|0x0000000081300000, 0x0000000081400000, 0x0000000081400000|100%| O|  |TAMS 0x0000000081300000, 0x0000000081400000| Untracked 
|  20|0x0000000081400000, 0x0000000081500000, 0x0000000081500000|100%| O|  |TAMS 0x0000000081400000, 0x0000000081500000| Untracked 
|  21|0x0000000081500000, 0x0000000081600000, 0x0000000081600000|100%| O|  |TAMS 0x0000000081500000, 0x0000000081600000| Untracked 
|  22|0x0000000081600000, 0x0000000081700000, 0x0000000081700000|100%| O|  |TAMS 0x0000000081600000, 0x00000000816dc400| Untracked 
|  23|0x0000000081700000, 0x0000000081700000, 0x0000000081800000|  0%| F|  |TAMS 0x0000000081700000, 0x0000000081700000| Untracked 
|  24|0x0000000081800000, 0x0000000081800000, 0x0000000081900000|  0%| F|  |TAMS 0x0000000081800000, 0x0000000081800000| Untracked 
|  25|0x0000000081900000, 0x0000000081900000, 0x0000000081a00000|  0%| F|  |TAMS 0x0000000081900000, 0x0000000081900000| Untracked 
|  26|0x0000000081a00000, 0x0000000081a00000, 0x0000000081b00000|  0%| F|  |TAMS 0x0000000081a00000, 0x0000000081a00000| Untracked 
|  27|0x0000000081b00000, 0x0000000081c00000, 0x0000000081c00000|100%| O|  |TAMS 0x0000000081c00000, 0x0000000081c00000| Untracked 
|  28|0x0000000081c00000, 0x0000000081d00000, 0x0000000081d00000|100%| O|  |TAMS 0x0000000081d00000, 0x0000000081d00000| Untracked 
|  29|0x0000000081d00000, 0x0000000081e00000, 0x0000000081e00000|100%| O|  |TAMS 0x0000000081e00000, 0x0000000081e00000| Untracked 
|  30|0x0000000081e00000, 0x0000000081f00000, 0x0000000081f00000|100%| O|  |TAMS 0x0000000081f00000, 0x0000000081f00000| Untracked 
|  31|0x0000000081f00000, 0x0000000082000000, 0x0000000082000000|100%| O|  |TAMS 0x0000000082000000, 0x0000000082000000| Untracked 
|  32|0x0000000082000000, 0x0000000082000000, 0x0000000082100000|  0%| F|  |TAMS 0x0000000082000000, 0x0000000082000000| Untracked 
|  33|0x0000000082100000, 0x0000000082200000, 0x0000000082200000|100%| O|  |TAMS 0x0000000082100000, 0x0000000082100000| Untracked 
|  34|0x0000000082200000, 0x0000000082300000, 0x0000000082300000|100%| O|  |TAMS 0x0000000082200000, 0x0000000082200000| Untracked 
|  35|0x0000000082300000, 0x0000000082400000, 0x0000000082400000|100%| O|  |TAMS 0x0000000082300000, 0x0000000082300000| Untracked 
|  36|0x0000000082400000, 0x0000000082500000, 0x0000000082500000|100%| O|  |TAMS 0x0000000082400000, 0x0000000082400000| Untracked 
|  37|0x0000000082500000, 0x0000000082600000, 0x0000000082600000|100%| O|  |TAMS 0x0000000082500000, 0x0000000082500000| Untracked 
|  38|0x0000000082600000, 0x00000000826ad800, 0x0000000082700000| 67%| O|  |TAMS 0x0000000082600000, 0x0000000082600000| Untracked 
|  39|0x0000000082700000, 0x0000000082700000, 0x0000000082800000|  0%| F|  |TAMS 0x0000000082700000, 0x0000000082700000| Untracked 
|  40|0x0000000082800000, 0x0000000082800000, 0x0000000082900000|  0%| F|  |TAMS 0x0000000082800000, 0x0000000082800000| Untracked 
|  41|0x0000000082900000, 0x0000000082900000, 0x0000000082a00000|  0%| F|  |TAMS 0x0000000082900000, 0x0000000082900000| Untracked 
|  42|0x0000000082a00000, 0x0000000082a00000, 0x0000000082b00000|  0%| F|  |TAMS 0x0000000082a00000, 0x0000000082a00000| Untracked 
|  43|0x0000000082b00000, 0x0000000082b00000, 0x0000000082c00000|  0%| F|  |TAMS 0x0000000082b00000, 0x0000000082b00000| Untracked 
|  44|0x0000000082c00000, 0x0000000082c00000, 0x0000000082d00000|  0%| F|  |TAMS 0x0000000082c00000, 0x0000000082c00000| Untracked 
|  45|0x0000000082d00000, 0x0000000082d00000, 0x0000000082e00000|  0%| F|  |TAMS 0x0000000082d00000, 0x0000000082d00000| Untracked 
|  46|0x0000000082e00000, 0x0000000082e00000, 0x0000000082f00000|  0%| F|  |TAMS 0x0000000082e00000, 0x0000000082e00000| Untracked 
|  47|0x0000000082f00000, 0x0000000082f00000, 0x0000000083000000|  0%| F|  |TAMS 0x0000000082f00000, 0x0000000082f00000| Untracked 
|  48|0x0000000083000000, 0x0000000083000000, 0x0000000083100000|  0%| F|  |TAMS 0x0000000083000000, 0x0000000083000000| Untracked 
|  49|0x0000000083100000, 0x0000000083100000, 0x0000000083200000|  0%| F|  |TAMS 0x0000000083100000, 0x0000000083100000| Untracked 
|  50|0x0000000083200000, 0x0000000083200000, 0x0000000083300000|  0%| F|  |TAMS 0x0000000083200000, 0x0000000083200000| Untracked 
|  51|0x0000000083300000, 0x0000000083300000, 0x0000000083400000|  0%| F|  |TAMS 0x0000000083300000, 0x0000000083300000| Untracked 
|  52|0x0000000083400000, 0x0000000083400000, 0x0000000083500000|  0%| F|  |TAMS 0x0000000083400000, 0x0000000083400000| Untracked 
|  53|0x0000000083500000, 0x0000000083500000, 0x0000000083600000|  0%| F|  |TAMS 0x0000000083500000, 0x0000000083500000| Untracked 
|  54|0x0000000083600000, 0x0000000083600000, 0x0000000083700000|  0%| F|  |TAMS 0x0000000083600000, 0x0000000083600000| Untracked 
|  55|0x0000000083700000, 0x0000000083700000, 0x0000000083800000|  0%| F|  |TAMS 0x0000000083700000, 0x0000000083700000| Untracked 
|  56|0x0000000083800000, 0x0000000083800000, 0x0000000083900000|  0%| F|  |TAMS 0x0000000083800000, 0x0000000083800000| Untracked 
|  57|0x0000000083900000, 0x0000000083900000, 0x0000000083a00000|  0%| F|  |TAMS 0x0000000083900000, 0x0000000083900000| Untracked 
|  58|0x0000000083a00000, 0x0000000083a00000, 0x0000000083b00000|  0%| F|  |TAMS 0x0000000083a00000, 0x0000000083a00000| Untracked 
|  59|0x0000000083b00000, 0x0000000083b00000, 0x0000000083c00000|  0%| F|  |TAMS 0x0000000083b00000, 0x0000000083b00000| Untracked 
|  60|0x0000000083c00000, 0x0000000083c00000, 0x0000000083d00000|  0%| F|  |TAMS 0x0000000083c00000, 0x0000000083c00000| Untracked 
|  61|0x0000000083d00000, 0x0000000083d00000, 0x0000000083e00000|  0%| F|  |TAMS 0x0000000083d00000, 0x0000000083d00000| Untracked 
|  62|0x0000000083e00000, 0x0000000083e00000, 0x0000000083f00000|  0%| F|  |TAMS 0x0000000083e00000, 0x0000000083e00000| Untracked 
|  63|0x0000000083f00000, 0x0000000083f00000, 0x0000000084000000|  0%| F|  |TAMS 0x0000000083f00000, 0x0000000083f00000| Untracked 
|  64|0x0000000084000000, 0x0000000084000000, 0x0000000084100000|  0%| F|  |TAMS 0x0000000084000000, 0x0000000084000000| Untracked 
|  65|0x0000000084100000, 0x0000000084100000, 0x0000000084200000|  0%| F|  |TAMS 0x0000000084100000, 0x0000000084100000| Untracked 
|  66|0x0000000084200000, 0x0000000084200000, 0x0000000084300000|  0%| F|  |TAMS 0x0000000084200000, 0x0000000084200000| Untracked 
|  67|0x0000000084300000, 0x0000000084300000, 0x0000000084400000|  0%| F|  |TAMS 0x0000000084300000, 0x0000000084300000| Untracked 
|  68|0x0000000084400000, 0x0000000084400000, 0x0000000084500000|  0%| F|  |TAMS 0x0000000084400000, 0x0000000084400000| Untracked 
|  69|0x0000000084500000, 0x0000000084500000, 0x0000000084600000|  0%| F|  |TAMS 0x0000000084500000, 0x0000000084500000| Untracked 
|  70|0x0000000084600000, 0x0000000084600000, 0x0000000084700000|  0%| F|  |TAMS 0x0000000084600000, 0x0000000084600000| Untracked 
|  71|0x0000000084700000, 0x0000000084700000, 0x0000000084800000|  0%| F|  |TAMS 0x0000000084700000, 0x0000000084700000| Untracked 
|  72|0x0000000084800000, 0x0000000084800000, 0x0000000084900000|  0%| F|  |TAMS 0x0000000084800000, 0x0000000084800000| Untracked 
|  73|0x0000000084900000, 0x0000000084900000, 0x0000000084a00000|  0%| F|  |TAMS 0x0000000084900000, 0x0000000084900000| Untracked 
|  74|0x0000000084a00000, 0x0000000084a00000, 0x0000000084b00000|  0%| F|  |TAMS 0x0000000084a00000, 0x0000000084a00000| Untracked 
|  75|0x0000000084b00000, 0x0000000084b00000, 0x0000000084c00000|  0%| F|  |TAMS 0x0000000084b00000, 0x0000000084b00000| Untracked 
|  76|0x0000000084c00000, 0x0000000084c00000, 0x0000000084d00000|  0%| F|  |TAMS 0x0000000084c00000, 0x0000000084c00000| Untracked 
|  77|0x0000000084d00000, 0x0000000084d00000, 0x0000000084e00000|  0%| F|  |TAMS 0x0000000084d00000, 0x0000000084d00000| Untracked 
|  78|0x0000000084e00000, 0x0000000084e00000, 0x0000000084f00000|  0%| F|  |TAMS 0x0000000084e00000, 0x0000000084e00000| Untracked 
|  79|0x0000000084f00000, 0x0000000084f00000, 0x0000000085000000|  0%| F|  |TAMS 0x0000000084f00000, 0x0000000084f00000| Untracked 
|  80|0x0000000085000000, 0x0000000085000000, 0x0000000085100000|  0%| F|  |TAMS 0x0000000085000000, 0x0000000085000000| Untracked 
|  81|0x0000000085100000, 0x0000000085100000, 0x0000000085200000|  0%| F|  |TAMS 0x0000000085100000, 0x0000000085100000| Untracked 
|  82|0x0000000085200000, 0x0000000085200000, 0x0000000085300000|  0%| F|  |TAMS 0x0000000085200000, 0x0000000085200000| Untracked 
|  83|0x0000000085300000, 0x0000000085300000, 0x0000000085400000|  0%| F|  |TAMS 0x0000000085300000, 0x0000000085300000| Untracked 
|  84|0x0000000085400000, 0x000000008544ac50, 0x0000000085500000| 29%| S|CS|TAMS 0x0000000085400000, 0x0000000085400000| Complete 
|  85|0x0000000085500000, 0x0000000085600000, 0x0000000085600000|100%| S|CS|TAMS 0x0000000085500000, 0x0000000085500000| Complete 
|  86|0x0000000085600000, 0x0000000085700000, 0x0000000085700000|100%| S|CS|TAMS 0x0000000085600000, 0x0000000085600000| Complete 
|  87|0x0000000085700000, 0x0000000085700000, 0x0000000085800000|  0%| F|  |TAMS 0x0000000085700000, 0x0000000085700000| Untracked 
|  88|0x0000000085800000, 0x0000000085800000, 0x0000000085900000|  0%| F|  |TAMS 0x0000000085800000, 0x0000000085800000| Untracked 
|  89|0x0000000085900000, 0x0000000085900000, 0x0000000085a00000|  0%| F|  |TAMS 0x0000000085900000, 0x0000000085900000| Untracked 
|  90|0x0000000085a00000, 0x0000000085a00000, 0x0000000085b00000|  0%| F|  |TAMS 0x0000000085a00000, 0x0000000085a00000| Untracked 
|  91|0x0000000085b00000, 0x0000000085b00000, 0x0000000085c00000|  0%| F|  |TAMS 0x0000000085b00000, 0x0000000085b00000| Untracked 
|  92|0x0000000085c00000, 0x0000000085c00000, 0x0000000085d00000|  0%| F|  |TAMS 0x0000000085c00000, 0x0000000085c00000| Untracked 
|  93|0x0000000085d00000, 0x0000000085d00000, 0x0000000085e00000|  0%| F|  |TAMS 0x0000000085d00000, 0x0000000085d00000| Untracked 
|  94|0x0000000085e00000, 0x0000000085e00000, 0x0000000085f00000|  0%| F|  |TAMS 0x0000000085e00000, 0x0000000085e00000| Untracked 
|  95|0x0000000085f00000, 0x0000000085f00000, 0x0000000086000000|  0%| F|  |TAMS 0x0000000085f00000, 0x0000000085f00000| Untracked 
|  96|0x0000000086000000, 0x0000000086000000, 0x0000000086100000|  0%| F|  |TAMS 0x0000000086000000, 0x0000000086000000| Untracked 
|  97|0x0000000086100000, 0x0000000086100000, 0x0000000086200000|  0%| F|  |TAMS 0x0000000086100000, 0x0000000086100000| Untracked 
|  98|0x0000000086200000, 0x0000000086200000, 0x0000000086300000|  0%| F|  |TAMS 0x0000000086200000, 0x0000000086200000| Untracked 
|  99|0x0000000086300000, 0x0000000086300000, 0x0000000086400000|  0%| F|  |TAMS 0x0000000086300000, 0x0000000086300000| Untracked 
| 100|0x0000000086400000, 0x0000000086400000, 0x0000000086500000|  0%| F|  |TAMS 0x0000000086400000, 0x0000000086400000| Untracked 
| 101|0x0000000086500000, 0x0000000086500000, 0x0000000086600000|  0%| F|  |TAMS 0x0000000086500000, 0x0000000086500000| Untracked 
| 126|0x0000000087e00000, 0x0000000087e00000, 0x0000000087f00000|  0%| F|  |TAMS 0x0000000087e00000, 0x0000000087e00000| Untracked 
| 127|0x0000000087f00000, 0x0000000087f00000, 0x0000000088000000|  0%| F|  |TAMS 0x0000000087f00000, 0x0000000087f00000| Untracked 

Card table byte_map: [0x0000018c6afe0000,0x0000018c6b3e0000] _byte_map_base: 0x0000018c6abe0000

Marking Bits (Prev, Next): (CMBitMap*) 0x0000018c57f72128, (CMBitMap*) 0x0000018c57f720e8
 Prev Bits: [0x0000018c6d7e0000, 0x0000018c6f7e0000)
 Next Bits: [0x0000018c6b7e0000, 0x0000018c6d7e0000)

Polling page: 0x0000018c55d50000

Metaspace:

Usage:
  Non-class:     58.31 MB capacity,    57.21 MB ( 98%) used,   893.90 KB (  1%) free+waste,   227.19 KB ( <1%) overhead. 
      Class:      9.36 MB capacity,     8.65 MB ( 92%) used,   615.92 KB (  6%) free+waste,   111.00 KB (  1%) overhead. 
       Both:     67.67 MB capacity,    65.86 MB ( 97%) used,     1.47 MB (  2%) free+waste,   338.19 KB ( <1%) overhead. 

Virtual space:
  Non-class space:       68.00 MB reserved,      58.33 MB ( 86%) committed 
      Class space:        1.00 GB reserved,       9.38 MB ( <1%) committed 
             Both:        1.07 GB reserved,      67.70 MB (  6%) committed 

Chunk freelists:
   Non-Class:  23.00 KB
       Class:  15.00 KB
        Both:  38.00 KB

MaxMetaspaceSize: 17179869184.00 GB
CompressedClassSpaceSize: 1.00 GB

CodeHeap 'non-profiled nmethods': size=238912Kb used=8854Kb max_used=8854Kb free=230057Kb
 bounds [0x0000018c5c290000, 0x0000018c5cb40000, 0x0000018c6abe0000]
CodeHeap 'non-nmethods': size=6848Kb used=1326Kb max_used=1326Kb free=5521Kb
 bounds [0x0000018c5bbe0000, 0x0000018c5be50000, 0x0000018c5c290000]
 total_blobs=6240 nmethods=5607 adapters=561
 compilation: enabled
              stopped_count=0, restarted_count=0
 full_count=0

Compilation events (20 events):
Event: 317.869 Thread 0x0000018c7253d000 nmethod 5598 0x0000018c5cb31b90 code [0x0000018c5cb31d40, 0x0000018c5cb31f28]
Event: 317.869 Thread 0x0000018c7253d000 5599       1       org.bouncycastle.asn1.OIDTokenizer::hasMoreTokens (14 bytes)
Event: 317.869 Thread 0x0000018c7253d000 nmethod 5599 0x0000018c5cb32090 code [0x0000018c5cb32220, 0x0000018c5cb322f8]
Event: 317.872 Thread 0x0000018c7253d000 5600       1       java.util.jar.JarFile$JarFileEntry::realEntry (67 bytes)
Event: 317.872 Thread 0x0000018c7253d000 nmethod 5600 0x0000018c5cb32390 code [0x0000018c5cb32560, 0x0000018c5cb32888]
Event: 317.874 Thread 0x0000018c7253d000 5601       1       java.security.MessageDigest::reset (10 bytes)
Event: 317.874 Thread 0x0000018c7253d000 nmethod 5601 0x0000018c5cb32a10 code [0x0000018c5cb32ba0, 0x0000018c5cb32c88]
Event: 317.874 Thread 0x0000018c7253d000 5602       1       java.security.MessageDigest$Delegate::engineReset (8 bytes)
Event: 317.874 Thread 0x0000018c7253d000 nmethod 5602 0x0000018c5cb32d10 code [0x0000018c5cb32ea0, 0x0000018c5cb32f88]
Event: 317.875 Thread 0x0000018c7253d000 5603       1       sun.security.provider.DigestBase::engineReset (33 bytes)
Event: 317.875 Thread 0x0000018c7253d000 nmethod 5603 0x0000018c5cb33010 code [0x0000018c5cb331c0, 0x0000018c5cb33328]
Event: 317.879 Thread 0x0000018c7253d000 5604       1       sun.security.provider.SHA2$SHA256::<init> (12 bytes)
Event: 317.879 Thread 0x0000018c7253d000 nmethod 5604 0x0000018c5cb33410 code [0x0000018c5cb335e0, 0x0000018c5cb33b08]
Event: 317.879 Thread 0x0000018c7253d000 5605       1       sun.security.provider.SHA2::<init> (34 bytes)
Event: 317.880 Thread 0x0000018c7253d000 nmethod 5605 0x0000018c5cb33c10 code [0x0000018c5cb33dc0, 0x0000018c5cb342a8]
Event: 317.888 Thread 0x0000018c7253d000 5606       1       java.util.jar.JarVerifier::beginEntry (242 bytes)
Event: 317.889 Thread 0x0000018c7253d000 nmethod 5606 0x0000018c5cb34390 code [0x0000018c5cb34680, 0x0000018c5cb34f88]
Event: 317.889 Thread 0x0000018c7253d000 5607       1       java.util.zip.ZipEntry::isDirectory (10 bytes)
Event: 317.890 Thread 0x0000018c7253d000 nmethod 5607 0x0000018c5cb35590 code [0x0000018c5cb35720, 0x0000018c5cb35828]
Event: 317.890 Thread 0x0000018c7253d000 5608   !   1       java.util.jar.JarVerifier::processEntry (425 bytes)

GC Heap History (20 events):
Event: 7.244 GC heap before
{Heap before GC invocations=18 (full 0):
 garbage-first heap   total 72704K, used 57804K [0x0000000080000000, 0x0000000100000000)
  region size 1024K, 37 young (37888K), 1 survivors (1024K)
 Metaspace       used 37845K, capacity 39067K, committed 39344K, reserved 1083392K
  class space    used 4790K, capacity 5250K, committed 5376K, reserved 1048576K
}
Event: 7.247 GC heap after
{Heap after GC invocations=19 (full 0):
 garbage-first heap   total 72704K, used 21033K [0x0000000080000000, 0x0000000100000000)
  region size 1024K, 1 young (1024K), 1 survivors (1024K)
 Metaspace       used 37845K, capacity 39067K, committed 39344K, reserved 1083392K
  class space    used 4790K, capacity 5250K, committed 5376K, reserved 1048576K
}
Event: 7.855 GC heap before
{Heap before GC invocations=19 (full 0):
 garbage-first heap   total 72704K, used 58921K [0x0000000080000000, 0x0000000100000000)
  region size 1024K, 38 young (38912K), 1 survivors (1024K)
 Metaspace       used 39875K, capacity 41186K, committed 41392K, reserved 1085440K
  class space    used 5038K, capacity 5552K, committed 5632K, reserved 1048576K
}
Event: 7.861 GC heap after
{Heap after GC invocations=20 (full 0):
 garbage-first heap   total 72704K, used 21665K [0x0000000080000000, 0x0000000100000000)
  region size 1024K, 2 young (2048K), 2 survivors (2048K)
 Metaspace       used 39875K, capacity 41186K, committed 41392K, reserved 1085440K
  class space    used 5038K, capacity 5552K, committed 5632K, reserved 1048576K
}
Event: 8.580 GC heap before
{Heap before GC invocations=20 (full 0):
 garbage-first heap   total 72704K, used 59553K [0x0000000080000000, 0x0000000100000000)
  region size 1024K, 39 young (39936K), 2 survivors (2048K)
 Metaspace       used 43494K, capacity 44835K, committed 45104K, reserved 1087488K
  class space    used 5662K, capacity 6192K, committed 6272K, reserved 1048576K
}
Event: 8.586 GC heap after
{Heap after GC invocations=21 (full 0):
 garbage-first heap   total 72704K, used 22681K [0x0000000080000000, 0x0000000100000000)
  region size 1024K, 3 young (3072K), 3 survivors (3072K)
 Metaspace       used 43494K, capacity 44835K, committed 45104K, reserved 1087488K
  class space    used 5662K, capacity 6192K, committed 6272K, reserved 1048576K
}
Event: 9.206 GC heap before
{Heap before GC invocations=21 (full 0):
 garbage-first heap   total 72704K, used 58521K [0x0000000080000000, 0x0000000100000000)
  region size 1024K, 39 young (39936K), 3 survivors (3072K)
 Metaspace       used 47374K, capacity 48687K, committed 48816K, reserved 1091584K
  class space    used 6125K, capacity 6622K, committed 6656K, reserved 1048576K
}
Event: 9.216 GC heap after
{Heap after GC invocations=22 (full 0):
 garbage-first heap   total 88064K, used 24760K [0x0000000080000000, 0x0000000100000000)
  region size 1024K, 5 young (5120K), 5 survivors (5120K)
 Metaspace       used 47374K, capacity 48687K, committed 48816K, reserved 1091584K
  class space    used 6125K, capacity 6622K, committed 6656K, reserved 1048576K
}
Event: 10.035 GC heap before
{Heap before GC invocations=22 (full 0):
 garbage-first heap   total 88064K, used 71864K [0x0000000080000000, 0x0000000100000000)
  region size 1024K, 51 young (52224K), 5 survivors (5120K)
 Metaspace       used 52221K, capacity 53634K, committed 53680K, reserved 1095680K
  class space    used 6867K, capacity 7396K, committed 7424K, reserved 1048576K
}
Event: 10.045 GC heap after
{Heap after GC invocations=23 (full 0):
 garbage-first heap   total 88064K, used 25987K [0x0000000080000000, 0x0000000100000000)
  region size 1024K, 5 young (5120K), 5 survivors (5120K)
 Metaspace       used 52221K, capacity 53634K, committed 53680K, reserved 1095680K
  class space    used 6867K, capacity 7396K, committed 7424K, reserved 1048576K
}
Event: 11.242 GC heap before
{Heap before GC invocations=23 (full 0):
 garbage-first heap   total 88064K, used 72067K [0x0000000080000000, 0x0000000100000000)
  region size 1024K, 50 young (51200K), 5 survivors (5120K)
 Metaspace       used 55770K, capacity 57196K, committed 57264K, reserved 1099776K
  class space    used 7351K, capacity 7904K, committed 7936K, reserved 1048576K
}
Event: 11.260 GC heap after
{Heap after GC invocations=24 (full 0):
 garbage-first heap   total 88064K, used 28525K [0x0000000080000000, 0x0000000100000000)
  region size 1024K, 6 young (6144K), 6 survivors (6144K)
 Metaspace       used 55770K, capacity 57196K, committed 57264K, reserved 1099776K
  class space    used 7351K, capacity 7904K, committed 7936K, reserved 1048576K
}
Event: 11.992 GC heap before
{Heap before GC invocations=24 (full 0):
 garbage-first heap   total 88064K, used 62317K [0x0000000080000000, 0x0000000100000000)
  region size 1024K, 40 young (40960K), 6 survivors (6144K)
 Metaspace       used 58409K, capacity 60139K, committed 60240K, reserved 1101824K
  class space    used 7741K, capacity 8396K, committed 8448K, reserved 1048576K
}
Event: 12.005 GC heap after
{Heap after GC invocations=25 (full 0):
 garbage-first heap   total 88064K, used 29922K [0x0000000080000000, 0x0000000100000000)
  region size 1024K, 4 young (4096K), 4 survivors (4096K)
 Metaspace       used 58409K, capacity 60139K, committed 60240K, reserved 1101824K
  class space    used 7741K, capacity 8396K, committed 8448K, reserved 1048576K
}
Event: 152.659 GC heap before
{Heap before GC invocations=26 (full 0):
 garbage-first heap   total 88064K, used 71906K [0x0000000080000000, 0x0000000100000000)
  region size 1024K, 45 young (46080K), 4 survivors (4096K)
 Metaspace       used 61039K, capacity 62894K, committed 62928K, reserved 1103872K
  class space    used 8112K, capacity 8798K, committed 8832K, reserved 1048576K
}
Event: 152.812 GC heap after
{Heap after GC invocations=27 (full 0):
 garbage-first heap   total 106496K, used 31626K [0x0000000080000000, 0x0000000100000000)
  region size 1024K, 4 young (4096K), 4 survivors (4096K)
 Metaspace       used 61039K, capacity 62894K, committed 62928K, reserved 1103872K
  class space    used 8112K, capacity 8798K, committed 8832K, reserved 1048576K
}
Event: 317.463 GC heap before
{Heap before GC invocations=27 (full 0):
 garbage-first heap   total 106496K, used 91018K [0x0000000080000000, 0x0000000100000000)
  region size 1024K, 58 young (59392K), 4 survivors (4096K)
 Metaspace       used 66484K, capacity 68423K, committed 68688K, reserved 1107968K
  class space    used 8692K, capacity 9424K, committed 9472K, reserved 1048576K
}
Event: 317.485 GC heap after
{Heap after GC invocations=28 (full 0):
 garbage-first heap   total 106496K, used 38386K [0x0000000080000000, 0x0000000100000000)
  region size 1024K, 7 young (7168K), 7 survivors (7168K)
 Metaspace       used 66484K, capacity 68423K, committed 68688K, reserved 1107968K
  class space    used 8692K, capacity 9424K, committed 9472K, reserved 1048576K
}
Event: 317.891 GC heap before
{Heap before GC invocations=28 (full 0):
 garbage-first heap   total 106496K, used 56818K [0x0000000080000000, 0x0000000100000000)
  region size 1024K, 24 young (24576K), 7 survivors (7168K)
 Metaspace       used 67441K, capacity 69290K, committed 69328K, reserved 1116160K
  class space    used 8858K, capacity 9585K, committed 9600K, reserved 1048576K
}
Event: 317.933 GC heap after
{Heap after GC invocations=29 (full 0):
 garbage-first heap   total 106496K, used 36452K [0x0000000080000000, 0x0000000100000000)
  region size 1024K, 3 young (3072K), 3 survivors (3072K)
 Metaspace       used 67441K, capacity 69290K, committed 69328K, reserved 1116160K
  class space    used 8858K, capacity 9585K, committed 9600K, reserved 1048576K
}

Deoptimization events (8 events):
Event: 5.170 Thread 0x0000018c72eff800 DEOPT PACKING pc=0x0000018c5c5f3cd4 sp=0x00000037545fc9d0
Event: 5.170 Thread 0x0000018c72eff800 DEOPT UNPACKING pc=0x0000018c5bc2993f sp=0x00000037545fbf48 mode 0
Event: 12.158 Thread 0x0000018c72eff800 DEOPT PACKING pc=0x0000018c5c594803 sp=0x00000037545fd190
Event: 12.159 Thread 0x0000018c72eff800 DEOPT UNPACKING pc=0x0000018c5bc2993f sp=0x00000037545fc698 mode 3
Event: 153.146 Thread 0x0000018c74ad2800 DEOPT PACKING pc=0x0000018c5c3e43e4 sp=0x00000037527fbec0
Event: 153.146 Thread 0x0000018c74ad2800 DEOPT UNPACKING pc=0x0000018c5bc2993f sp=0x00000037527fb3e8 mode 0
Event: 317.269 Thread 0x0000018c74adc000 DEOPT PACKING pc=0x0000018c5cae2d5c sp=0x00000037554fcb80
Event: 317.269 Thread 0x0000018c74adc000 DEOPT UNPACKING pc=0x0000018c5bc2993f sp=0x00000037554fc148 mode 0

Classes unloaded (0 events):
No events

Classes redefined (0 events):
No events

Internal exceptions (20 events):
Event: 12.742 Thread 0x0000018c72eff800 Exception <a 'java/lang/ClassNotFoundException'{0x0000000083c56c70}: org/springframework/cloud/context/scope/GenericScopeCustomizer> (0x0000000083c56c70) 
thrown [./open/src/hotspot/share/classfile/systemDictionary.cpp, line 226]
Event: 12.743 Thread 0x0000018c72eff800 Exception <a 'java/lang/ClassNotFoundException'{0x0000000083c7c290}: org/springframework/beans/factory/config/ScopeCustomizer> (0x0000000083c7c290) 
thrown [./open/src/hotspot/share/classfile/systemDictionary.cpp, line 226]
Event: 12.744 Thread 0x0000018c72eff800 Exception <a 'java/lang/ClassNotFoundException'{0x0000000083c9ccb8}: org/springframework/beans/factory/config/BeanFactoryPostProcessorCustomizer> (0x0000000083c9ccb8) 
thrown [./open/src/hotspot/share/classfile/systemDictionary.cpp, line 226]
Event: 12.745 Thread 0x0000018c72eff800 Exception <a 'java/lang/ClassNotFoundException'{0x0000000083cbe0f8}: org/springframework/beans/factory/support/BeanDefinitionRegistryPostProcessorCustomizer> (0x0000000083cbe0f8) 
thrown [./open/src/hotspot/share/classfile/systemDictionary.cpp, line 226]
Event: 12.746 Thread 0x0000018c72eff800 Exception <a 'java/lang/ClassNotFoundException'{0x0000000083cdce88}: org/springframework/beans/factory/config/BeanFactoryPostProcessorCustomizer> (0x0000000083cdce88) 
thrown [./open/src/hotspot/share/classfile/systemDictionary.cpp, line 226]
Event: 12.747 Thread 0x0000018c72eff800 Exception <a 'java/lang/ClassNotFoundException'{0x0000000083cf8348}: org/springframework/beans/factory/DisposableBeanCustomizer> (0x0000000083cf8348) 
thrown [./open/src/hotspot/share/classfile/systemDictionary.cpp, line 226]
Event: 12.754 Thread 0x0000018c72eff800 Exception <a 'java/lang/ClassNotFoundException'{0x0000000083b09e18}: java/lang/ObjectCustomizer> (0x0000000083b09e18) 
thrown [./open/src/hotspot/share/classfile/systemDictionary.cpp, line 226]
Event: 12.756 Thread 0x0000018c72eff800 Exception <a 'java/lang/ClassNotFoundException'{0x0000000083b2d970}: org/springframework/cloud/context/properties/ConfigurationPropertiesRebinderCustomizer> (0x0000000083b2d970) 
thrown [./open/src/hotspot/share/classfile/systemDictionary.cpp, line 226]
Event: 12.758 Thread 0x0000018c72eff800 Exception <a 'java/lang/ClassNotFoundException'{0x0000000083b54e10}: org/springframework/context/ApplicationContextAwareCustomizer> (0x0000000083b54e10) 
thrown [./open/src/hotspot/share/classfile/systemDictionary.cpp, line 226]
Event: 12.760 Thread 0x0000018c72eff800 Exception <a 'java/lang/ClassNotFoundException'{0x0000000083b6edd8}: org/springframework/beans/factory/AwareCustomizer> (0x0000000083b6edd8) 
thrown [./open/src/hotspot/share/classfile/systemDictionary.cpp, line 226]
Event: 12.761 Thread 0x0000018c72eff800 Exception <a 'java/lang/ClassNotFoundException'{0x0000000083b893b8}: org/springframework/context/ApplicationListenerCustomizer> (0x0000000083b893b8) 
thrown [./open/src/hotspot/share/classfile/systemDictionary.cpp, line 226]
Event: 12.761 Thread 0x0000018c72eff800 Exception <a 'java/lang/ClassNotFoundException'{0x0000000083b8ca20}: java/util/EventListenerCustomizer> (0x0000000083b8ca20) 
thrown [./open/src/hotspot/share/classfile/systemDictionary.cpp, line 226]
Event: 12.763 Thread 0x0000018c72eff800 Exception <a 'java/lang/ClassNotFoundException'{0x0000000083b95ed8}: java/lang/ObjectCustomizer> (0x0000000083b95ed8) 
thrown [./open/src/hotspot/share/classfile/systemDictionary.cpp, line 226]
Event: 12.765 Thread 0x0000018c72eff800 Exception <a 'java/lang/ClassNotFoundException'{0x0000000083bb6760}: org/springframework/jmx/export/metadata/AbstractJmxAttributeCustomizer> (0x0000000083bb6760) 
thrown [./open/src/hotspot/share/classfile/systemDictionary.cpp, line 226]
Event: 12.767 Thread 0x0000018c72eff800 Exception <a 'java/lang/ClassNotFoundException'{0x0000000083bd5840}: org/springframework/jmx/export/metadata/ManagedAttributeCustomizer> (0x0000000083bd5840) 
thrown [./open/src/hotspot/share/classfile/systemDictionary.cpp, line 226]
Event: 12.790 Thread 0x0000018c72eff800 Exception <a 'java/lang/NoSuchMethodError'{0x0000000083a0dca0}: 'java.lang.Object java.lang.invoke.DirectMethodHandle$Holder.invokeSpecial(java.lang.Object, java.lang.Object, int, java.lang.Object, int, java.lang.Object)'> (0x0000000083a0dca0) 
thrown [./open/src/hotspot/share/interpreter/linkResolver.cpp, line 766]
Event: 12.791 Thread 0x0000018c72eff800 Exception <a 'java/lang/NoSuchMethodError'{0x0000000083a14ad0}: 'java.lang.Object java.lang.invoke.DirectMethodHandle$Holder.invokeStatic(java.lang.Object, java.lang.Object, int, java.lang.Object, int)'> (0x0000000083a14ad0) 
thrown [./open/src/hotspot/share/interpreter/linkResolver.cpp, line 766]
Event: 12.792 Thread 0x0000018c72eff800 Exception <a 'java/lang/NoSuchMethodError'{0x0000000083a17e80}: 'java.lang.Object java.lang.invoke.DirectMethodHandle$Holder.invokeSpecial(java.lang.Object, java.lang.Object, java.lang.Object, int, java.lang.Object, int)'> (0x0000000083a17e80) 
thrown [./open/src/hotspot/share/interpreter/linkResolver.cpp, line 766]
Event: 12.795 Thread 0x0000018c72eff800 Exception <a 'java/lang/NoSuchMethodError'{0x0000000083a22688}: 'void java.lang.invoke.DirectMethodHandle$Holder.invokeVirtual(java.lang.Object, java.lang.Object)'> (0x0000000083a22688) 
thrown [./open/src/hotspot/share/interpreter/linkResolver.cpp, line 766]
Event: 317.191 Thread 0x0000018c74adc000 Exception <a 'java/lang/NoSuchMethodError'{0x0000000083fdc1d0}: 'java.lang.Object java.lang.invoke.DirectMethodHandle$Holder.invokeStaticInit(java.lang.Object, java.lang.Object, java.lang.Object, java.lang.Object, java.lang.Object, java.lang.Object)'> (0x0000000083fdc1d0) 
thrown [./open/src/hotspot/share/interpreter/linkResolver.cpp, line 766]

Events (20 events):
Event: 317.660 loading class com/sun/crypto/provider/SunJCE done
Event: 317.672 loading class com/sun/security/sasl/Provider
Event: 317.672 loading class com/sun/security/sasl/Provider done
Event: 317.673 loading class com/sun/security/sasl/Provider$1
Event: 317.673 loading class com/sun/security/sasl/Provider$1 done
Event: 317.673 loading class com/sun/security/sasl/Provider$ProviderService
Event: 317.673 loading class com/sun/security/sasl/Provider$ProviderService done
Event: 317.673 loading class sun/security/provider/certpath/ldap/JdkLDAP
Event: 317.673 loading class sun/security/provider/certpath/ldap/JdkLDAP done
Event: 317.674 loading class sun/security/provider/certpath/ldap/JdkLDAP$1
Event: 317.674 loading class sun/security/provider/certpath/ldap/JdkLDAP$1 done
Event: 317.674 loading class sun/security/provider/certpath/ldap/JdkLDAP$ProviderService
Event: 317.674 loading class sun/security/provider/certpath/ldap/JdkLDAP$ProviderService done
Event: 317.680 loading class java/security/cert/PKIXRevocationChecker
Event: 317.680 loading class java/security/cert/PKIXCertPathChecker
Event: 317.680 loading class java/security/cert/CertPathChecker
Event: 317.681 loading class java/security/cert/CertPathChecker done
Event: 317.681 loading class java/security/cert/PKIXCertPathChecker done
Event: 317.681 loading class java/security/cert/PKIXRevocationChecker done
Event: 317.891 Executing VM operation: CollectForMetadataAllocation


Dynamic libraries:
0x00007ff7fdca0000 - 0x00007ff7fdcad000 	C:\Users\natraj\Documents\sts2\Sts-lastProject\sts-4.8.0.RELEASE\plugins\org.eclipse.justj.openjdk.hotspot.jre.full.win32.x86_64_14.0.2.v20200815-0932\jre\bin\javaw.exe
0x00007ffc6afd0000 - 0x00007ffc6b1b1000 	C:\WINDOWS\SYSTEM32\ntdll.dll
0x00007ffc67cd0000 - 0x00007ffc67d82000 	C:\WINDOWS\System32\KERNEL32.DLL
0x00007ffc67430000 - 0x00007ffc676a3000 	C:\WINDOWS\System32\KERNELBASE.dll
0x00007ffc678a0000 - 0x00007ffc6799a000 	C:\WINDOWS\System32\ucrtbase.dll
0x00007ffc38ad0000 - 0x00007ffc38ae8000 	C:\Users\natraj\Documents\sts2\Sts-lastProject\sts-4.8.0.RELEASE\plugins\org.eclipse.justj.openjdk.hotspot.jre.full.win32.x86_64_14.0.2.v20200815-0932\jre\bin\jli.dll
0x00007ffc6ad40000 - 0x00007ffc6aed0000 	C:\WINDOWS\System32\USER32.dll
0x00007ffc66bb0000 - 0x00007ffc66bd0000 	C:\WINDOWS\System32\win32u.dll
0x00007ffc6a160000 - 0x00007ffc6a188000 	C:\WINDOWS\System32\GDI32.dll
0x00007ffc67a50000 - 0x00007ffc67be2000 	C:\WINDOWS\System32\gdi32full.dll
0x00007ffc67340000 - 0x00007ffc673df000 	C:\WINDOWS\System32\msvcp_win.dll
0x00007ffc38360000 - 0x00007ffc38375000 	C:\Users\natraj\Documents\sts2\Sts-lastProject\sts-4.8.0.RELEASE\plugins\org.eclipse.justj.openjdk.hotspot.jre.full.win32.x86_64_14.0.2.v20200815-0932\jre\bin\VCRUNTIME140.dll
0x00007ffc5d200000 - 0x00007ffc5d469000 	C:\WINDOWS\WinSxS\amd64_microsoft.windows.common-controls_6595b64144ccf1df_6.0.17134.112_none_fb3f961b30681c12\COMCTL32.dll
0x00007ffc67da0000 - 0x00007ffc67e3e000 	C:\WINDOWS\System32\msvcrt.dll
0x00007ffc680d0000 - 0x00007ffc683f3000 	C:\WINDOWS\System32\combase.dll
0x00007ffc6ac10000 - 0x00007ffc6ad34000 	C:\WINDOWS\System32\RPCRT4.dll
0x00007ffc67bf0000 - 0x00007ffc67c6a000 	C:\WINDOWS\System32\bcryptPrimitives.dll
0x00007ffc6a4e0000 - 0x00007ffc6a50d000 	C:\WINDOWS\System32\IMM32.DLL
0x00007ffc382c0000 - 0x00007ffc3835b000 	C:\Users\natraj\Documents\sts2\Sts-lastProject\sts-4.8.0.RELEASE\plugins\org.eclipse.justj.openjdk.hotspot.jre.full.win32.x86_64_14.0.2.v20200815-0932\jre\bin\msvcp140.dll
0x00007ffc30b90000 - 0x00007ffc316ae000 	C:\Users\natraj\Documents\sts2\Sts-lastProject\sts-4.8.0.RELEASE\plugins\org.eclipse.justj.openjdk.hotspot.jre.full.win32.x86_64_14.0.2.v20200815-0932\jre\bin\server\jvm.dll
0x00007ffc69ba0000 - 0x00007ffc69c41000 	C:\WINDOWS\System32\ADVAPI32.dll
0x00007ffc69b40000 - 0x00007ffc69b9b000 	C:\WINDOWS\System32\sechost.dll
0x00007ffc67d90000 - 0x00007ffc67d98000 	C:\WINDOWS\System32\PSAPI.DLL
0x00007ffc5a160000 - 0x00007ffc5a169000 	C:\WINDOWS\SYSTEM32\WSOCK32.dll
0x00007ffc63a10000 - 0x00007ffc63a33000 	C:\WINDOWS\SYSTEM32\WINMM.dll
0x00007ffc60fa0000 - 0x00007ffc60faa000 	C:\WINDOWS\SYSTEM32\VERSION.dll
0x00007ffc69950000 - 0x00007ffc699bc000 	C:\WINDOWS\System32\WS2_32.dll
0x00007ffc63990000 - 0x00007ffc639ba000 	C:\WINDOWS\SYSTEM32\winmmbase.dll
0x00007ffc673e0000 - 0x00007ffc67429000 	C:\WINDOWS\System32\cfgmgr32.dll
0x00007ffc66b90000 - 0x00007ffc66ba1000 	C:\WINDOWS\System32\kernel.appcore.dll
0x00007ffc3ea10000 - 0x00007ffc3ea1a000 	C:\Users\natraj\Documents\sts2\Sts-lastProject\sts-4.8.0.RELEASE\plugins\org.eclipse.justj.openjdk.hotspot.jre.full.win32.x86_64_14.0.2.v20200815-0932\jre\bin\jimage.dll
0x00007ffc5a710000 - 0x00007ffc5a8d9000 	C:\WINDOWS\SYSTEM32\DBGHELP.DLL
0x00007ffc5a350000 - 0x00007ffc5a379000 	C:\WINDOWS\SYSTEM32\dbgcore.DLL
0x00007ffc394f0000 - 0x00007ffc39515000 	C:\Users\natraj\Documents\sts2\Sts-lastProject\sts-4.8.0.RELEASE\plugins\org.eclipse.justj.openjdk.hotspot.jre.full.win32.x86_64_14.0.2.v20200815-0932\jre\bin\java.dll
0x00007ffc38ee0000 - 0x00007ffc38ef6000 	C:\Users\natraj\Documents\sts2\Sts-lastProject\sts-4.8.0.RELEASE\plugins\org.eclipse.justj.openjdk.hotspot.jre.full.win32.x86_64_14.0.2.v20200815-0932\jre\bin\zip.dll
0x00007ffc68410000 - 0x00007ffc69850000 	C:\WINDOWS\System32\SHELL32.dll
0x00007ffc68010000 - 0x00007ffc680b9000 	C:\WINDOWS\System32\shcore.dll
0x00007ffc66bd0000 - 0x00007ffc672dd000 	C:\WINDOWS\System32\windows.storage.dll
0x00007ffc69fa0000 - 0x00007ffc69ff1000 	C:\WINDOWS\System32\shlwapi.dll
0x00007ffc66b70000 - 0x00007ffc66b8f000 	C:\WINDOWS\System32\profapi.dll
0x00007ffc66af0000 - 0x00007ffc66b3c000 	C:\WINDOWS\System32\powrprof.dll
0x00007ffc66b60000 - 0x00007ffc66b6a000 	C:\WINDOWS\System32\FLTLIB.DLL
0x00007ffc38ec0000 - 0x00007ffc38ed9000 	C:\Users\natraj\Documents\sts2\Sts-lastProject\sts-4.8.0.RELEASE\plugins\org.eclipse.justj.openjdk.hotspot.jre.full.win32.x86_64_14.0.2.v20200815-0932\jre\bin\net.dll
0x00007ffc5d920000 - 0x00007ffc5d9fd000 	C:\WINDOWS\SYSTEM32\WINHTTP.dll
0x00007ffc66310000 - 0x00007ffc66376000 	C:\WINDOWS\system32\mswsock.dll
0x00007ffc38ea0000 - 0x00007ffc38eb2000 	C:\Users\natraj\Documents\sts2\Sts-lastProject\sts-4.8.0.RELEASE\plugins\org.eclipse.justj.openjdk.hotspot.jre.full.win32.x86_64_14.0.2.v20200815-0932\jre\bin\nio.dll
0x00007ffc394e0000 - 0x00007ffc394e9000 	C:\Users\natraj\Documents\sts2\Sts-lastProject\sts-4.8.0.RELEASE\plugins\org.eclipse.justj.openjdk.hotspot.jre.full.win32.x86_64_14.0.2.v20200815-0932\jre\bin\management.dll
0x00007ffc39330000 - 0x00007ffc3933b000 	C:\Users\natraj\Documents\sts2\Sts-lastProject\sts-4.8.0.RELEASE\plugins\org.eclipse.justj.openjdk.hotspot.jre.full.win32.x86_64_14.0.2.v20200815-0932\jre\bin\management_ext.dll
0x00007ffc46b10000 - 0x00007ffc46b26000 	C:\WINDOWS\system32\napinsp.dll
0x00007ffc46af0000 - 0x00007ffc46b0a000 	C:\WINDOWS\system32\pnrpnsp.dll
0x00007ffc63440000 - 0x00007ffc63459000 	C:\WINDOWS\system32\NLAapi.dll
0x00007ffc660d0000 - 0x00007ffc6618e000 	C:\WINDOWS\SYSTEM32\DNSAPI.dll
0x00007ffc680c0000 - 0x00007ffc680c8000 	C:\WINDOWS\System32\NSI.dll
0x00007ffc66090000 - 0x00007ffc660c8000 	C:\WINDOWS\SYSTEM32\IPHLPAPI.DLL
0x00007ffc4dfe0000 - 0x00007ffc4dfee000 	C:\WINDOWS\System32\winrnr.dll
0x00007ffc5d1f0000 - 0x00007ffc5d1fa000 	C:\Windows\System32\rasadhlp.dll
0x00007ffc5d8a0000 - 0x00007ffc5d912000 	C:\WINDOWS\System32\fwpuclnt.dll
0x00007ffc665f0000 - 0x00007ffc66615000 	C:\WINDOWS\SYSTEM32\bcrypt.dll
0x00007ffc664c0000 - 0x00007ffc664d7000 	C:\WINDOWS\SYSTEM32\CRYPTSP.dll
0x00007ffc65ef0000 - 0x00007ffc65f23000 	C:\WINDOWS\system32\rsaenh.dll
0x00007ffc669f0000 - 0x00007ffc66a18000 	C:\WINDOWS\SYSTEM32\USERENV.dll
0x00007ffc664e0000 - 0x00007ffc664eb000 	C:\WINDOWS\SYSTEM32\CRYPTBASE.dll
0x00007ffc5ec80000 - 0x00007ffc5ec96000 	C:\WINDOWS\SYSTEM32\dhcpcsvc6.DLL
0x00007ffc608b0000 - 0x00007ffc608ca000 	C:\WINDOWS\SYSTEM32\dhcpcsvc.DLL
0x00007ffc39700000 - 0x00007ffc3970e000 	C:\Users\natraj\Documents\sts2\Sts-lastProject\sts-4.8.0.RELEASE\plugins\org.eclipse.justj.openjdk.hotspot.jre.full.win32.x86_64_14.0.2.v20200815-0932\jre\bin\sunmscapi.dll
0x00007ffc676b0000 - 0x00007ffc67892000 	C:\WINDOWS\System32\CRYPT32.dll
0x00007ffc66b40000 - 0x00007ffc66b52000 	C:\WINDOWS\System32\MSASN1.dll
0x00007ffc665c0000 - 0x00007ffc665e6000 	C:\WINDOWS\SYSTEM32\ncrypt.dll
0x00007ffc66580000 - 0x00007ffc665b6000 	C:\WINDOWS\SYSTEM32\NTASN1.dll
0x00007ffc38e00000 - 0x00007ffc38e25000 	C:\Users\natraj\Documents\sts2\Sts-lastProject\sts-4.8.0.RELEASE\plugins\org.eclipse.justj.openjdk.hotspot.jre.full.win32.x86_64_14.0.2.v20200815-0932\jre\bin\sunec.dll

dbghelp: loaded successfully - version: 4.0.5 - missing functions: none
symbol engine: initialized successfully - sym options: 0x614 - pdb path: .;C:\Users\natraj\Documents\sts2\Sts-lastProject\sts-4.8.0.RELEASE\plugins\org.eclipse.justj.openjdk.hotspot.jre.full.win32.x86_64_14.0.2.v20200815-0932\jre\bin;C:\WINDOWS\SYSTEM32;C:\WINDOWS\WinSxS\amd64_microsoft.windows.common-controls_6595b64144ccf1df_6.0.17134.112_none_fb3f961b30681c12;C:\Users\natraj\Documents\sts2\Sts-lastProject\sts-4.8.0.RELEASE\plugins\org.eclipse.justj.openjdk.hotspot.jre.full.win32.x86_64_14.0.2.v20200815-0932\jre\bin\server

VM Arguments:
jvm_args: -Dcom.sun.management.jmxremote -Dcom.sun.management.jmxremote.port=54569 -Dcom.sun.management.jmxremote.authenticate=false -Dcom.sun.management.jmxremote.ssl=false -Djava.rmi.server.hostname=localhost -Dspring.jmx.enabled=true -Dspring.application.admin.enabled=true -Xverify:none -XX:TieredStopAtLevel=1 -Dspring.boot.project.name=ApiManagement13 -Dfile.encoding=UTF-8 -XX:+ShowCodeDetailsInExceptionMessages 
java_command: com.sumit.feign.ApiManagement1Application --spring.output.ansi.enabled=always
java_class_path (initial): C:\Users\natraj\Documents\sts2\Sts-lastProject\Sts workspace for project\ApiManagement13\target\classes;C:\Users\natraj\.m2\repository\org\springframework\boot\spring-boot-starter-web\2.5.6\spring-boot-starter-web-2.5.6.jar;C:\Users\natraj\.m2\repository\org\springframework\boot\spring-boot-starter\2.5.6\spring-boot-starter-2.5.6.jar;C:\Users\natraj\.m2\repository\org\springframework\boot\spring-boot-starter-logging\2.5.6\spring-boot-starter-logging-2.5.6.jar;C:\Users\natraj\.m2\repository\ch\qos\logback\logback-classic\1.2.6\logback-classic-1.2.6.jar;C:\Users\natraj\.m2\repository\ch\qos\logback\logback-core\1.2.6\logback-core-1.2.6.jar;C:\Users\natraj\.m2\repository\org\apache\logging\log4j\log4j-to-slf4j\2.14.1\log4j-to-slf4j-2.14.1.jar;C:\Users\natraj\.m2\repository\org\apache\logging\log4j\log4j-api\2.14.1\log4j-api-2.14.1.jar;C:\Users\natraj\.m2\repository\org\slf4j\jul-to-slf4j\1.7.32\jul-to-slf4j-1.7.32.jar;C:\Users\natraj\.m2\repository\jakarta\annotation\jakarta.annotation-api\1.3.5\jakarta.annotation-api-1.3.5.jar;C:\Users\natraj\.m2\repository\org\yaml\snakeyaml\1.28\snakeyaml-1.28.jar;C:\Users\natraj\.m2\repository\org\springframework\boot\spring-boot-starter-json\2.5.6\spring-boot-starter-json-2.5.6.jar;C:\Users\natraj\.m2\repository\com\fasterxml\jackson\datatype\jackson-datatype-jdk8\2.12.5\jackson-datatype-jdk8-2.12.5.jar;C:\Users\natraj\.m2\repository\com\fasterxml\jackson\datatype\jackson-datatype-jsr310\2.12.5\jackson-datatype-jsr310-2.12.5.jar;C:\Users\natraj\.m2\repository\com\fasterxml\jackson\module\jackson-module-parameter-names\2.12.5\jackson-module-parameter-names-2.12.5.jar;C:\Users\natraj\.m2\repository\org\springframework\boot\spring-boot-starter-tomcat\2.5.6\spring-boot-starter-tomcat-2.5.6.jar;C:\Users\natraj\.m2\repository\org\apache\tomcat\embed\tomcat-embed-core\9.0.54\tomcat-embed-core-9.0.54.jar;C:\Users\natraj\.m2\repository\org\apache\tomcat\embed\tomcat-embed-websocket\9.0.54\tomcat-embed-websocket
Launcher Type: SUN_STANDARD

[Global flags]
     intx CICompilerCount                          = 3                                         {product} {ergonomic}
     uint ConcGCThreads                            = 1                                         {product} {ergonomic}
     uint G1ConcRefinementThreads                  = 4                                         {product} {ergonomic}
   size_t G1HeapRegionSize                         = 1048576                                   {product} {ergonomic}
    uintx GCDrainStackTargetSize                   = 64                                        {product} {ergonomic}
   size_t InitialHeapSize                          = 134217728                                 {product} {ergonomic}
     bool ManagementServer                         = true                                      {product} {command line}
   size_t MarkStackSize                            = 4194304                                   {product} {ergonomic}
   size_t MaxHeapSize                              = 2147483648                                {product} {ergonomic}
   size_t MaxNewSize                               = 1287651328                                {product} {ergonomic}
   size_t MinHeapDeltaBytes                        = 1048576                                   {product} {ergonomic}
   size_t MinHeapSize                              = 8388608                                   {product} {ergonomic}
    uintx NonNMethodCodeHeapSize                   = 6973028                                {pd product} {ergonomic}
    uintx NonProfiledCodeHeapSize                  = 244685212                              {pd product} {ergonomic}
    uintx ProfiledCodeHeapSize                     = 0                                      {pd product} {ergonomic}
    uintx ReservedCodeCacheSize                    = 251658240                              {pd product} {ergonomic}
     bool SegmentedCodeCache                       = true                                      {product} {ergonomic}
     bool ShowCodeDetailsInExceptionMessages       = true                                   {manageable} {command line}
   size_t SoftMaxHeapSize                          = 2147483648                             {manageable} {ergonomic}
     intx TieredStopAtLevel                        = 1                                         {product} {command line}
     bool UseCompressedClassPointers               = true                                 {lp64_product} {ergonomic}
     bool UseCompressedOops                        = true                                 {lp64_product} {ergonomic}
     bool UseG1GC                                  = true                                      {product} {ergonomic}
     bool UseLargePagesIndividualAllocation        = false                                  {pd product} {ergonomic}

Logging:
Log output configuration:
 #0: stdout all=warning uptime,level,tags
 #1: stderr all=off uptime,level,tags

Environment Variables:
JAVA_HOME=C:\Program Files\Java\jre1.8.0_202
PATH=C:/Users/natraj/Documents/sts2/Sts-lastProject/sts-4.8.0.RELEASE//plugins/org.eclipse.justj.openjdk.hotspot.jre.full.win32.x86_64_14.0.2.v20200815-0932/jre/bin/server;C:/Users/natraj/Documents/sts2/Sts-lastProject/sts-4.8.0.RELEASE//plugins/org.eclipse.justj.openjdk.hotspot.jre.full.win32.x86_64_14.0.2.v20200815-0932/jre/bin;C:\Program Files\nodejs\node_modules\npm;C:\Program Files\nodejs\;C:\Program Files\Java\jre1.8.0_202\bin;C:\Users\natraj\AppData\Local\Microsoft\WindowsApps;C:\Program Files\Java\jre1.8.0_202\bin;;C:\Users\natraj\Documents\sts2\Sts-lastProject\sts-4.8.0.RELEASE;
USERNAME=natraj
OS=Windows_NT
PROCESSOR_IDENTIFIER=Intel64 Family 6 Model 44 Stepping 2, GenuineIntel



---------------  S Y S T E M  ---------------

OS: Windows 10 , 64 bit Build 17134 (10.0.17134.1)
OS uptime: 45 days 9:29 hours

CPU:total 4 (initial active 4) (4 cores per cpu, 1 threads per core) family 6 model 44 stepping 2, cmov, cx8, fxsr, mmx, sse, sse2, sse3, ssse3, sse4.1, sse4.2, popcnt, aes, clmul, tsc, tscinvbit, tscinv

Memory: 4k page, system-wide physical 8191M (98M free)
TotalPageFile size 12287M (AvailPageFile size 3M)
current process WorkingSet (physical memory assigned to process): 203M, peak: 219M
current process commit charge ("private bytes"): 276M, peak: 277M

vm_info: OpenJDK 64-Bit Server VM (14.0.2+12-46) for windows-amd64 JRE (14.0.2+12-46), built on Jul  9 2020 00:31:16 by "mach5one" with MS VC++ 15.9 (VS2017)

END.
